2025-03-18 21:57:55,107 [INFO] Activator:176 - 


2025-03-18 21:57:55,110 [INFO] Activator:177 - !SESSION log4j initialized
2025-03-18 21:57:58,520 [INFO] LogOutputStream:77 - [STDOUT_REDIRECT] 
2025-03-18 21:58:14,875 [INFO] ApplicationProperties:184 - Using Application install path: D:\stm32cube_ide\STM32CubeIDE_1.16.0\STM32CubeIDE\plugins\com.st.stm32cube.common.mx_6.12.0.202406281431
2025-03-18 21:58:14,896 [INFO] DbMcusXml:78 - Set database path to: D:\stm32cube_ide\STM32CubeIDE_1.16.0\STM32CubeIDE\plugins\com.st.stm32cube.common.mx_6.12.0.202406281431\\db\/mcu/
2025-03-18 21:58:14,896 [INFO] ApiDb:274 - Set plugin database path to: D:\stm32cube_ide\STM32CubeIDE_1.16.0\STM32CubeIDE\plugins\com.st.stm32cube.common.mx_6.12.0.202406281431\\db\/plugins/boardmanager/
2025-03-18 21:58:14,898 [WARN] ApiDb:259 - Overriding images path with different value:  => D:\stm32cube_ide\STM32CubeIDE_1.16.0\STM32CubeIDE\plugins\com.st.stm32cube.common.mx_6.12.0.202406281431\\db\/plugins/mcufinder/images/
2025-03-18 21:58:14,908 [INFO] ApiDb:250 - Set database path to: C:\Users\nguye\.stmcufinder\plugins\mcufinder//mcu/
2025-03-18 21:58:14,909 [INFO] DbMcusAds:125 - Set database path to: C:\Users\nguye\.stmcufinder\plugins\mcufinder//mcu/
2025-03-18 21:58:14,922 [INFO] CrossReferenceDbSqlite:203 - Set database path to: C:\Users\nguye\.stmcufinder\plugins\mcufinder//mcu/cs/
2025-03-18 21:58:15,034 [INFO] RulesReader:64 - Compatibility file has been processed (297 Rules)
2025-03-18 21:58:15,113 [INFO] DbMcusXml:78 - Set database path to: D:\stm32cube_ide\STM32CubeIDE_1.16.0\STM32CubeIDE\plugins\com.st.stm32cube.common.mx_6.12.0.202406281431\\db\/mcu/
2025-03-18 21:58:15,113 [INFO] ApiDb:274 - Set plugin database path to: D:\stm32cube_ide\STM32CubeIDE_1.16.0\STM32CubeIDE\plugins\com.st.stm32cube.common.mx_6.12.0.202406281431\\db\/plugins/boardmanager/
2025-03-18 21:58:15,114 [INFO] ApiDb:261 - Set plugin images path to: D:\stm32cube_ide\STM32CubeIDE_1.16.0\STM32CubeIDE\plugins\com.st.stm32cube.common.mx_6.12.0.202406281431\\db\/plugins/mcufinder/images/
2025-03-18 21:58:15,114 [WARN] DbFile:41 - Overriding database path with different value: C:\Users\nguye\.stmcufinder\plugins\mcufinder/ => C:\Users\nguye\.stmcufinder\plugins\mcufinder
2025-03-18 21:58:15,114 [INFO] ApiDb:250 - Set database path to: C:\Users\nguye\.stmcufinder\plugins\mcufinder//mcu/
2025-03-18 21:58:15,114 [WARN] DbFile:41 - Overriding database path with different value: C:\Users\nguye\.stmcufinder\plugins\mcufinder/ => C:\Users\nguye\.stmcufinder\plugins\mcufinder
2025-03-18 21:58:15,114 [INFO] DbMcusAds:125 - Set database path to: C:\Users\nguye\.stmcufinder\plugins\mcufinder//mcu/
2025-03-18 21:58:15,114 [WARN] DbFile:41 - Overriding database path with different value: C:\Users\nguye\.stmcufinder\plugins\mcufinder/ => C:\Users\nguye\.stmcufinder\plugins\mcufinder
2025-03-18 21:58:15,114 [WARN] DbFile:41 - Overriding database path with different value: C:\Users\nguye\.stmcufinder\plugins\mcufinder/ => C:\Users\nguye\.stmcufinder\plugins\mcufinder
2025-03-18 21:58:15,114 [INFO] CrossReferenceDbSqlite:203 - Set database path to: C:\Users\nguye\.stmcufinder\plugins\mcufinder//mcu/cs/
2025-03-18 21:58:15,198 [INFO] MainPanel:268 - HeapMemory: 268435456
2025-03-18 21:58:15,317 [INFO] DbMcusXml:78 - Set database path to: D:\stm32cube_ide\STM32CubeIDE_1.16.0\STM32CubeIDE\plugins\com.st.stm32cube.common.mx_6.12.0.202406281431\\db\/mcu/
2025-03-18 21:58:15,317 [INFO] ApiDb:274 - Set plugin database path to: D:\stm32cube_ide\STM32CubeIDE_1.16.0\STM32CubeIDE\plugins\com.st.stm32cube.common.mx_6.12.0.202406281431\\db\/plugins/boardmanager/
2025-03-18 21:58:15,317 [INFO] ApiDb:261 - Set plugin images path to: D:\stm32cube_ide\STM32CubeIDE_1.16.0\STM32CubeIDE\plugins\com.st.stm32cube.common.mx_6.12.0.202406281431\\db\/plugins/mcufinder/images/
2025-03-18 21:58:15,317 [WARN] DbFile:41 - Overriding database path with different value: C:\Users\nguye\.stmcufinder\plugins\mcufinder/ => C:\Users\nguye\.stmcufinder\plugins\mcufinder
2025-03-18 21:58:15,317 [INFO] ApiDb:250 - Set database path to: C:\Users\nguye\.stmcufinder\plugins\mcufinder//mcu/
2025-03-18 21:58:15,317 [WARN] DbFile:41 - Overriding database path with different value: C:\Users\nguye\.stmcufinder\plugins\mcufinder/ => C:\Users\nguye\.stmcufinder\plugins\mcufinder
2025-03-18 21:58:15,317 [INFO] DbMcusAds:125 - Set database path to: C:\Users\nguye\.stmcufinder\plugins\mcufinder//mcu/
2025-03-18 21:58:15,317 [WARN] DbFile:41 - Overriding database path with different value: C:\Users\nguye\.stmcufinder\plugins\mcufinder/ => C:\Users\nguye\.stmcufinder\plugins\mcufinder
2025-03-18 21:58:15,317 [WARN] DbFile:41 - Overriding database path with different value: C:\Users\nguye\.stmcufinder\plugins\mcufinder/ => C:\Users\nguye\.stmcufinder\plugins\mcufinder
2025-03-18 21:58:15,317 [INFO] CrossReferenceDbSqlite:203 - Set database path to: C:\Users\nguye\.stmcufinder\plugins\mcufinder//mcu/cs/
2025-03-18 21:58:15,336 [INFO] ApplicationProperties:184 - Using Application install path: D:\stm32cube_ide\STM32CubeIDE_1.16.0\STM32CubeIDE\plugins\com.st.stm32cube.common.mx_6.12.0.202406281431
2025-03-18 21:58:15,337 [INFO] PluginManage:196 - Search for loadable plugins [exclusion list=, ]
2025-03-18 21:58:15,340 [INFO] PluginManage:310 - Check plugin analytics
2025-03-18 21:58:15,535 [INFO] AnalyticsPlugin:253 - Accepted Software Licenses: 
2025-03-18 21:58:15,536 [INFO] AnalyticsPlugin:255 - Accepted CMSIS Pack Licenses: 
2025-03-18 21:58:15,536 [INFO] AnalyticsPlugin:257 - Accepted Firmware Licenses: 
2025-03-18 21:58:15,539 [INFO] PluginManage:359 - Loaded plugin analytics (category:tool,tabindex:-1)
2025-03-18 21:58:15,539 [INFO] PluginManage:310 - Check plugin cadmodel
2025-03-18 21:58:15,546 [INFO] CADModel:105 - Init CAD model plugin
2025-03-18 21:58:15,546 [INFO] PluginManage:359 - Loaded plugin cadmodel (category:power,tabindex:5)
2025-03-18 21:58:15,546 [INFO] PluginManage:310 - Check plugin clock
2025-03-18 21:58:15,557 [INFO] PluginManage:359 - Loaded plugin clock (category:base,tabindex:2)
2025-03-18 21:58:15,557 [INFO] PluginManage:310 - Check plugin ddr
2025-03-18 21:58:15,560 [INFO] PluginManage:359 - Loaded plugin ddr (category:tool,tabindex:6)
2025-03-18 21:58:15,560 [INFO] PluginManage:310 - Check plugin filemanager
2025-03-18 21:58:15,879 [INFO] PluginManage:359 - Loaded plugin filemanager (category:base,tabindex:10)
2025-03-18 21:58:15,880 [INFO] PluginManage:310 - Check plugin ipmanager
2025-03-18 21:58:15,891 [INFO] PluginManage:359 - Loaded plugin ipmanager (category:base,tabindex:5)
2025-03-18 21:58:15,892 [INFO] PluginManage:310 - Check plugin lpbam
2025-03-18 21:58:15,918 [INFO] PluginManage:359 - Loaded plugin lpbam (category:base,tabindex:0)
2025-03-18 21:58:15,920 [INFO] PluginManage:310 - Check plugin memorymap
2025-03-18 21:58:15,940 [INFO] PluginManage:359 - Loaded plugin memorymap (category:base,tabindex:4)
2025-03-18 21:58:15,941 [INFO] PluginManage:310 - Check plugin pinoutandconfiguration
2025-03-18 21:58:15,951 [INFO] PluginManage:359 - Loaded plugin pinoutandconfiguration (category:base,tabindex:1)
2025-03-18 21:58:15,951 [INFO] PluginManage:310 - Check plugin pinoutconfig
2025-03-18 21:58:16,033 [WARN] SupportedApi:132 - Cannot load RTOS API schema: s4s-elt-must-match.1: The content of 'definitions' must match (annotation?, (simpleType | complexType)?, (unique | key | keyref)*)). A problem was found starting at: attribute.
2025-03-18 21:58:16,150 [INFO] PluginManage:359 - Loaded plugin pinoutconfig (category:base,tabindex:0)
2025-03-18 21:58:16,150 [INFO] PluginManage:310 - Check plugin power
2025-03-18 21:58:16,159 [INFO] PluginManage:359 - Loaded plugin power (category:power,tabindex:4)
2025-03-18 21:58:16,160 [INFO] PluginManage:310 - Check plugin projectmanager
2025-03-18 21:58:16,173 [INFO] PluginManage:359 - Loaded plugin projectmanager (category:projectmanager,tabindex:4)
2025-03-18 21:58:16,173 [INFO] PluginManage:310 - Check plugin rif
2025-03-18 21:58:16,180 [INFO] PluginManage:359 - Loaded plugin rif (category:base,tabindex:3)
2025-03-18 21:58:16,180 [INFO] PluginManage:310 - Check plugin thirdparty
2025-03-18 21:58:16,303 [INFO] PluginManage:359 - Loaded plugin thirdparty (category:base,tabindex:-1)
2025-03-18 21:58:16,304 [INFO] PluginManage:310 - Check plugin tools
2025-03-18 21:58:16,303 [WARN] IntegrityCheckThread:84 - waiting for thirdparty lock release [integrity check]
2025-03-18 21:58:16,304 [INFO] IntegrityCheckThread:86 - entering critical section [integrity check]
2025-03-18 21:58:16,304 [INFO] ThirdPartyUpdaterWithRetryManager:70 - Updater plugin not ready yet. [1/15]
2025-03-18 21:58:16,307 [INFO] PluginManage:359 - Loaded plugin tools (category:base,tabindex:7)
2025-03-18 21:58:16,307 [INFO] PluginManage:310 - Check plugin tutovideos
2025-03-18 21:58:16,473 [INFO] PluginManage:359 - Loaded plugin tutovideos (category:base,tabindex:-1)
2025-03-18 21:58:16,473 [INFO] PluginManage:310 - Check plugin updater
2025-03-18 21:58:16,489 [INFO] PluginManage:359 - Loaded plugin updater (category:base,tabindex:12)
2025-03-18 21:58:16,489 [INFO] PluginManage:310 - Check plugin userauth
2025-03-18 21:58:16,495 [INFO] UserAuth:113 - Init User Auth plugin
2025-03-18 21:58:16,495 [INFO] PluginManage:359 - Loaded plugin userauth (category:base,tabindex:14)
2025-03-18 21:58:16,495 [INFO] PluginManage:283 - PluginManage : Loaded plugins [18]
2025-03-18 21:58:16,716 [INFO] PinOutPanel:1561 - setPackage(No Configuration,No Configuration)
2025-03-18 21:58:16,885 [INFO] CADModel:165 - CPN selected for project level
2025-03-18 21:58:16,885 [INFO] CADModel:114 - Register for checkConnection events
2025-03-18 21:58:16,903 [INFO] IPUIPlugin:80 - create IPUIPlugin
2025-03-18 21:58:16,903 [INFO] PluginManager:220 - loadIPPluginJar : add adc
2025-03-18 21:58:16,906 [INFO] IPUIPlugin:80 - create IPUIPlugin
2025-03-18 21:58:16,907 [INFO] PluginManager:220 - loadIPPluginJar : add aes
2025-03-18 21:58:16,909 [INFO] IPUIPlugin:80 - create IPUIPlugin
2025-03-18 21:58:16,910 [INFO] PluginManager:220 - loadIPPluginJar : add can
2025-03-18 21:58:16,911 [INFO] IPUIPlugin:80 - create IPUIPlugin
2025-03-18 21:58:16,911 [INFO] PluginManager:220 - loadIPPluginJar : add comp
2025-03-18 21:58:16,913 [INFO] IPUIPlugin:80 - create IPUIPlugin
2025-03-18 21:58:16,913 [INFO] PluginManager:220 - loadIPPluginJar : add cryp
2025-03-18 21:58:16,917 [INFO] IPUIPlugin:80 - create IPUIPlugin
2025-03-18 21:58:16,917 [INFO] PluginManager:220 - loadIPPluginJar : add ddr_ctrl_phy
2025-03-18 21:58:16,920 [INFO] IPUIPlugin:80 - create IPUIPlugin
2025-03-18 21:58:16,920 [INFO] PluginManager:220 - loadIPPluginJar : add dfsdm
2025-03-18 21:58:16,925 [INFO] IPUIPlugin:80 - create IPUIPlugin
2025-03-18 21:58:16,926 [INFO] PluginManager:220 - loadIPPluginJar : add dma
2025-03-18 21:58:16,929 [INFO] IPUIPlugin:80 - create IPUIPlugin
2025-03-18 21:58:16,929 [INFO] PluginManager:220 - loadIPPluginJar : add dma3
2025-03-18 21:58:16,931 [INFO] IPUIPlugin:80 - create IPUIPlugin
2025-03-18 21:58:16,932 [INFO] PluginManager:220 - loadIPPluginJar : add extmemmanager
2025-03-18 21:58:16,932 [INFO] IPUIPlugin:80 - create IPUIPlugin
2025-03-18 21:58:16,932 [INFO] PluginManager:220 - loadIPPluginJar : add fatfs
2025-03-18 21:58:16,936 [INFO] IPUIPlugin:80 - create IPUIPlugin
2025-03-18 21:58:16,936 [INFO] PluginManager:220 - loadIPPluginJar : add fmc
2025-03-18 21:58:16,942 [INFO] IPUIPlugin:80 - create IPUIPlugin
2025-03-18 21:58:16,942 [INFO] PluginManager:220 - loadIPPluginJar : add freertos
2025-03-18 21:58:16,944 [INFO] IPUIPlugin:80 - create IPUIPlugin
2025-03-18 21:58:16,944 [INFO] PluginManager:220 - loadIPPluginJar : add genericplugin
2025-03-18 21:58:16,946 [INFO] IPUIPlugin:80 - create IPUIPlugin
2025-03-18 21:58:16,946 [INFO] PluginManager:220 - loadIPPluginJar : add gfxmmu
2025-03-18 21:58:16,952 [INFO] IPUIPlugin:80 - create IPUIPlugin
2025-03-18 21:58:16,952 [INFO] PluginManager:220 - loadIPPluginJar : add gic
2025-03-18 21:58:16,956 [INFO] IPUIPlugin:80 - create IPUIPlugin
2025-03-18 21:58:16,957 [INFO] PluginManager:220 - loadIPPluginJar : add gpio
2025-03-18 21:58:16,959 [INFO] IPUIPlugin:80 - create IPUIPlugin
2025-03-18 21:58:16,959 [INFO] PluginManager:220 - loadIPPluginJar : add gtzc
2025-03-18 21:58:16,961 [INFO] IPUIPlugin:80 - create IPUIPlugin
2025-03-18 21:58:16,961 [INFO] PluginManager:220 - loadIPPluginJar : add hash
2025-03-18 21:58:16,968 [INFO] IPUIPlugin:80 - create IPUIPlugin
2025-03-18 21:58:16,968 [INFO] PluginManager:220 - loadIPPluginJar : add i2c
2025-03-18 21:58:16,971 [INFO] IPUIPlugin:80 - create IPUIPlugin
2025-03-18 21:58:16,971 [INFO] PluginManager:220 - loadIPPluginJar : add i2s
2025-03-18 21:58:16,974 [INFO] IPUIPlugin:80 - create IPUIPlugin
2025-03-18 21:58:16,974 [INFO] PluginManager:220 - loadIPPluginJar : add i3c
2025-03-18 21:58:16,977 [INFO] IPUIPlugin:80 - create IPUIPlugin
2025-03-18 21:58:16,977 [INFO] PluginManager:220 - loadIPPluginJar : add ipddr
2025-03-18 21:58:16,983 [INFO] IPUIPlugin:80 - create IPUIPlugin
2025-03-18 21:58:16,983 [INFO] PluginManager:220 - loadIPPluginJar : add linkedlist
2025-03-18 21:58:16,985 [INFO] IPUIPlugin:80 - create IPUIPlugin
2025-03-18 21:58:16,986 [INFO] PluginManager:220 - loadIPPluginJar : add lorawan
2025-03-18 21:58:16,988 [INFO] IPUIPlugin:80 - create IPUIPlugin
2025-03-18 21:58:16,988 [INFO] PluginManager:220 - loadIPPluginJar : add ltdc
2025-03-18 21:58:16,992 [INFO] IPUIPlugin:80 - create IPUIPlugin
2025-03-18 21:58:16,992 [INFO] PluginManager:220 - loadIPPluginJar : add mdma
2025-03-18 21:58:16,995 [INFO] IPUIPlugin:80 - create IPUIPlugin
2025-03-18 21:58:16,995 [INFO] PluginManager:220 - loadIPPluginJar : add nvic
2025-03-18 21:58:16,997 [INFO] IPUIPlugin:80 - create IPUIPlugin
2025-03-18 21:58:16,997 [INFO] PluginManager:220 - loadIPPluginJar : add opamp
2025-03-18 21:58:17,000 [INFO] IPUIPlugin:80 - create IPUIPlugin
2025-03-18 21:58:17,000 [INFO] PluginManager:220 - loadIPPluginJar : add openamp
2025-03-18 21:58:17,001 [INFO] IPUIPlugin:80 - create IPUIPlugin
2025-03-18 21:58:17,003 [INFO] PluginManager:220 - loadIPPluginJar : add pdm2pcm
2025-03-18 21:58:17,008 [INFO] IPUIPlugin:80 - create IPUIPlugin
2025-03-18 21:58:17,010 [INFO] PluginManager:220 - loadIPPluginJar : add plateformsettings
2025-03-18 21:58:17,012 [INFO] IPUIPlugin:80 - create IPUIPlugin
2025-03-18 21:58:17,012 [INFO] PluginManager:220 - loadIPPluginJar : add quadspi
2025-03-18 21:58:17,014 [INFO] IPUIPlugin:80 - create IPUIPlugin
2025-03-18 21:58:17,015 [INFO] PluginManager:220 - loadIPPluginJar : add radio
2025-03-18 21:58:17,019 [INFO] IPUIPlugin:80 - create IPUIPlugin
2025-03-18 21:58:17,019 [INFO] PluginManager:220 - loadIPPluginJar : add resmgrutility
2025-03-18 21:58:17,023 [INFO] IPUIPlugin:80 - create IPUIPlugin
2025-03-18 21:58:17,023 [INFO] PluginManager:220 - loadIPPluginJar : add sai
2025-03-18 21:58:17,025 [INFO] IPUIPlugin:80 - create IPUIPlugin
2025-03-18 21:58:17,025 [INFO] PluginManager:220 - loadIPPluginJar : add spi
2025-03-18 21:58:17,029 [INFO] IPUIPlugin:80 - create IPUIPlugin
2025-03-18 21:58:17,029 [INFO] PluginManager:220 - loadIPPluginJar : add stm32_wpan
2025-03-18 21:58:17,031 [INFO] IPUIPlugin:80 - create IPUIPlugin
2025-03-18 21:58:17,031 [INFO] PluginManager:220 - loadIPPluginJar : add tim
2025-03-18 21:58:17,035 [INFO] IPUIPlugin:80 - create IPUIPlugin
2025-03-18 21:58:17,035 [INFO] PluginManager:220 - loadIPPluginJar : add touchsensing
2025-03-18 21:58:17,036 [INFO] IPUIPlugin:80 - create IPUIPlugin
2025-03-18 21:58:17,036 [INFO] PluginManager:220 - loadIPPluginJar : add tracer_emb
2025-03-18 21:58:17,038 [INFO] IPUIPlugin:80 - create IPUIPlugin
2025-03-18 21:58:17,038 [INFO] PluginManager:220 - loadIPPluginJar : add ts
2025-03-18 21:58:17,040 [INFO] IPUIPlugin:80 - create IPUIPlugin
2025-03-18 21:58:17,040 [INFO] PluginManager:220 - loadIPPluginJar : add tsc
2025-03-18 21:58:17,042 [INFO] IPUIPlugin:80 - create IPUIPlugin
2025-03-18 21:58:17,042 [INFO] PluginManager:220 - loadIPPluginJar : add ucpd
2025-03-18 21:58:17,043 [INFO] IPUIPlugin:80 - create IPUIPlugin
2025-03-18 21:58:17,043 [INFO] PluginManager:220 - loadIPPluginJar : add usart
2025-03-18 21:58:17,046 [INFO] IPUIPlugin:80 - create IPUIPlugin
2025-03-18 21:58:17,046 [INFO] PluginManager:220 - loadIPPluginJar : add usbx
2025-03-18 21:58:17,163 [INFO] CADModel:165 - CPN selected for project level
2025-03-18 21:58:17,163 [INFO] CADModel:114 - Register for checkConnection events
2025-03-18 21:58:17,164 [FATAL] Updater:334 - Updater called before beeing initialized
2025-03-18 21:58:17,164 [ERROR] CADModel:125 - Updater not yet initialized, retry later 
2025-03-18 21:58:17,274 [INFO] CADModel:165 - CPN selected for project level
2025-03-18 21:58:17,274 [INFO] CADModel:114 - Register for checkConnection events
2025-03-18 21:58:17,275 [FATAL] Updater:334 - Updater called before beeing initialized
2025-03-18 21:58:17,275 [ERROR] CADModel:125 - Updater not yet initialized, retry later 
2025-03-18 21:58:17,278 [FATAL] Updater:334 - Updater called before beeing initialized
2025-03-18 21:58:17,370 [FATAL] Updater:334 - Updater called before beeing initialized
2025-03-18 21:58:17,374 [INFO] DbMcusAds:53 - JSON generation date=Fri Sep 20 22:04:23 JST 2024 (1726837463113)
2025-03-18 21:58:17,375 [FATAL] Updater:334 - Updater called before beeing initialized
2025-03-18 21:58:17,498 [WARN] DetailPanel:346 - Failed to get advertising image, set to default
2025-03-18 21:58:17,586 [FATAL] Updater:334 - Updater called before beeing initialized
2025-03-18 21:58:17,588 [FATAL] Updater:334 - Updater called before beeing initialized
2025-03-18 21:58:17,588 [FATAL] Updater:334 - Updater called before beeing initialized
2025-03-18 21:58:17,588 [WARN] DetailPanel:346 - Failed to get advertising image, set to default
2025-03-18 21:58:17,589 [FATAL] Updater:334 - Updater called before beeing initialized
2025-03-18 21:58:17,633 [ERROR] Updater:1164 - MainUpdater not yet initialized. External WinMGr cannot be set.
2025-03-18 21:58:17,635 [INFO] Updater:1100 - Updater Version found : 6.12.0
2025-03-18 21:58:17,653 [INFO] ApplicationProperties:184 - Using Application install path: D:\stm32cube_ide\STM32CubeIDE_1.16.0\STM32CubeIDE\plugins\com.st.stm32cube.common.mx_6.12.0.202406281431
2025-03-18 21:58:19,228 [ERROR] LogOutputStream:75 - [STDERR_REDIRECT] Mar 18, 2025 9:58:19 PM java.util.prefs.WindowsPreferences <init>
2025-03-18 21:58:19,231 [ERROR] LogOutputStream:75 - [STDERR_REDIRECT] WARNING: Could not open/create prefs root node Software\JavaSoft\Prefs at root 0xffffffff80000002. Windows RegCreateKeyEx(...) returned error code 5.
2025-03-18 21:58:19,231 [ERROR] LogOutputStream:75 - [STDERR_REDIRECT] 
2025-03-18 21:58:19,253 [INFO] MainUpdater:526 - Copy updater definitions from MX database
2025-03-18 21:58:19,310 [INFO] ThirdPartyUpdaterWithRetryManager:70 - Updater plugin not ready yet. [2/15]
2025-03-18 21:58:19,491 [INFO] MainUpdater:2873 - connection check result : 10
2025-03-18 21:58:19,491 [INFO] MainUpdater:3567 - Updater definition file requires update
2025-03-18 21:58:19,494 [INFO] MainUpdater:290 - Updater Check For Update Now.
2025-03-18 21:58:19,494 [INFO] MicroXplorer:498 - Change Database Version : DB.6.0.120
2025-03-18 21:58:19,507 [INFO] McuFinderGlobals:63 - Set McuFinder mode to 2 (CubeIDE integrated)
2025-03-18 21:58:19,508 [INFO] UserAuth:179 - activating auth plugin
2025-03-18 21:58:19,512 [INFO] UserAuth:417 - Internet connection configuration mode: 1
2025-03-18 21:58:19,524 [INFO] ServerAccessManage:473 - Download File updaters.zip
2025-03-18 21:58:19,547 [INFO] JxBrowserEngine:152 - Initiate JxBrowser Engine with user profile folder
2025-03-18 21:58:19,604 [INFO] FileExtend:240 - Unzip File : updaters.zip
2025-03-18 21:58:19,604 [INFO] FileExtend:255 - Standard Zip Deflate
2025-03-18 21:58:20,260 [INFO] ServerAccessManage:473 - Download File PacksControlFlags.xml
2025-03-18 21:58:20,356 [INFO] ServerAccessManage:473 - Download File cubemx.pidx
2025-03-18 21:58:20,716 [INFO] ServerAccessManage:473 - Download File STMicroelectronics.FP-ATR-ASTRA1.pdsc
2025-03-18 21:58:21,138 [INFO] ServerAccessManage:473 - Download File STMicroelectronics.FP-SNS-FLIGHT1.pdsc
2025-03-18 21:58:21,368 [INFO] ServerAccessManage:473 - Download File STMicroelectronics.X-CUBE-AI.pdsc
2025-03-18 21:58:22,100 [INFO] ServerAccessManage:473 - Download File STMicroelectronics.X-CUBE-BLE1.pdsc
2025-03-18 21:58:22,321 [WARN] MainUpdater:1194 - Updater busy. Cannot search thirdparties
2025-03-18 21:58:22,322 [INFO] ThirdPartyUpdaterWithRetryManager:96 - Updater plugin is busy. [1/15]
2025-03-18 21:58:23,194 [ERROR] ServerAccessManage:1089 - Problem, file not found on Server
2025-03-18 21:58:23,270 [INFO] ServerAccessManage:473 - Download File STMicroelectronics.X-CUBE-BLEMGR.pdsc
2025-03-18 21:58:24,226 [ERROR] ServerAccessManage:1089 - Problem, file not found on Server
2025-03-18 21:58:24,653 [INFO] ServerAccessManage:473 - Download File STMicroelectronics.X-CUBE-FREERTOS.pdsc
2025-03-18 21:58:24,999 [INFO] ServerAccessManage:473 - Download File STMicroelectronics.X-CUBE-GNSS1.pdsc
2025-03-18 21:58:25,324 [WARN] MainUpdater:1194 - Updater busy. Cannot search thirdparties
2025-03-18 21:58:25,324 [INFO] ThirdPartyUpdaterWithRetryManager:96 - Updater plugin is busy. [2/15]
2025-03-18 21:58:26,877 [ERROR] ServerAccessManage:1089 - Problem, file not found on Server
2025-03-18 21:58:27,286 [INFO] WebApp:167 - Instantiating new browser for Auth
2025-03-18 21:58:27,584 [ERROR] ServerAccessManage:1089 - Problem, file not found on Server
2025-03-18 21:58:28,104 [INFO] WebApp:448 - Apply proxy settings
2025-03-18 21:58:28,104 [INFO] WebApp:533 - Chromium requires no authentication
2025-03-18 21:58:28,227 [INFO] WebApp:476 - Direct internet connection detected
2025-03-18 21:58:28,285 [INFO] WebApp:869 - Register for checkConnection events
2025-03-18 21:58:28,285 [INFO] WebApp:448 - Apply proxy settings
2025-03-18 21:58:28,285 [INFO] WebApp:533 - Chromium requires no authentication
2025-03-18 21:58:28,287 [INFO] WebApp:476 - Direct internet connection detected
2025-03-18 21:58:28,330 [WARN] MainUpdater:1194 - Updater busy. Cannot search thirdparties
2025-03-18 21:58:28,330 [INFO] ThirdPartyUpdaterWithRetryManager:96 - Updater plugin is busy. [3/15]
2025-03-18 21:58:28,380 [ERROR] ServerAccessManage:1089 - Problem, file not found on Server
2025-03-18 21:58:28,454 [INFO] WebApp:186 - Connection restablished
2025-03-18 21:58:28,501 [INFO] WebApp:220 - Starting web application
2025-03-18 21:58:28,501 [INFO] WebApp:578 - Web application path used D:\stm32cube_ide\STM32CubeIDE_1.16.0\STM32CubeIDE\plugins\com.st.stm32cube.common.mx_6.12.0.202406281431\db\plugins\mcufinder\reactClient1\index.html
2025-03-18 21:58:29,366 [ERROR] ServerAccessManage:1089 - Problem, file not found on Server
2025-03-18 21:58:30,326 [ERROR] ServerAccessManage:1089 - Problem, file not found on Server
2025-03-18 21:58:31,175 [ERROR] ServerAccessManage:1089 - Problem, file not found on Server
2025-03-18 21:58:31,330 [WARN] MainUpdater:1194 - Updater busy. Cannot search thirdparties
2025-03-18 21:58:31,330 [INFO] ThirdPartyUpdaterWithRetryManager:96 - Updater plugin is busy. [4/15]
2025-03-18 21:58:31,336 [INFO] ServerAccessManage:473 - Download File STMicroelectronics.X-CUBE-IPS.pdsc
2025-03-18 21:58:31,914 [INFO] ServerAccessManage:473 - Download File STMicroelectronics.X-CUBE-MEMS1.pdsc
2025-03-18 21:58:33,860 [INFO] ServerAccessManage:473 - Download File STMicroelectronics.X-CUBE-TCPP.pdsc
2025-03-18 21:58:34,045 [INFO] ServerAccessManage:473 - Download File STMicroelectronics.X-CUBE-TOUCHGFX.pdsc
2025-03-18 21:58:34,341 [WARN] MainUpdater:1194 - Updater busy. Cannot search thirdparties
2025-03-18 21:58:34,341 [INFO] ThirdPartyUpdaterWithRetryManager:96 - Updater plugin is busy. [5/15]
2025-03-18 21:58:34,612 [INFO] ServerAccessManage:473 - Download File STMicroelectronics.X-CUBE-AZRTOS-H7RS.pdsc
2025-03-18 21:58:34,999 [WARN] PackLoader:240 - Cannot read IP mode file for STMicroelectronics.FP-ATR-ASTRA1.2.0.2
2025-03-18 21:58:35,004 [WARN] PopulateThirdPartyThread:106 - Error when creating pack: C:/Users/nguye/.stm32cubemx/thirdparties/pdsc/STMicroelectronics.FP-SNS-FLIGHT1.pdsc
2025-03-18 21:58:35,011 [WARN] PackLoader:240 - Cannot read IP mode file for STMicroelectronics.X-CUBE-AI.10.0.0
2025-03-18 21:58:35,019 [WARN] PackLoader:240 - Cannot read IP mode file for STMicroelectronics.X-CUBE-BLE1.7.1.0
2025-03-18 21:58:35,034 [WARN] PackLoader:240 - Cannot read IP mode file for STMicroelectronics.X-CUBE-BLEMGR.4.0.0
2025-03-18 21:58:35,053 [WARN] PackLoader:240 - Cannot read IP mode file for STMicroelectronics.X-CUBE-FREERTOS.1.3.0
2025-03-18 21:58:35,060 [WARN] PackLoader:240 - Cannot read IP mode file for STMicroelectronics.X-CUBE-GNSS1.7.0.1
2025-03-18 21:58:35,066 [WARN] PopulateThirdPartyThread:106 - Error when creating pack: C:/Users/nguye/.stm32cubemx/thirdparties/pdsc/STMicroelectronics.X-CUBE-IPS.pdsc
2025-03-18 21:58:35,136 [WARN] PackLoader:240 - Cannot read IP mode file for STMicroelectronics.X-CUBE-MEMS1.11.1.0
2025-03-18 21:58:35,136 [INFO] CheckServerUpdateThread:120 - End of CheckServer Thread
2025-03-18 21:58:35,281 [WARN] PopulateThirdPartyThread:106 - Error when creating pack: C:/Users/nguye/.stm32cubemx/thirdparties/pdsc/STMicroelectronics.X-CUBE-TCPP.pdsc
2025-03-18 21:58:35,285 [WARN] PackLoader:240 - Cannot read IP mode file for STMicroelectronics.X-CUBE-TOUCHGFX.4.25.0
2025-03-18 21:58:35,300 [WARN] PackLoader:240 - Cannot read IP mode file for STMicroelectronics.X-CUBE-AZRTOS-H7RS.1.1.0
2025-03-18 21:58:35,303 [INFO] PopulateThirdPartyThread:66 - Ending populate Thread
2025-03-18 21:58:35,305 [INFO] ThirdParty:1030 - CMSIS Pack Vendor :STMicroelectronics X-CUBE-BLEMGR 4.0.0
2025-03-18 21:58:35,305 [INFO] ThirdParty:1030 - CMSIS Pack Vendor :STMicroelectronics X-CUBE-AI 10.0.0
2025-03-18 21:58:35,305 [INFO] ThirdParty:1030 - CMSIS Pack Vendor :STMicroelectronics X-CUBE-FREERTOS 1.3.0
2025-03-18 21:58:35,305 [INFO] ThirdParty:1030 - CMSIS Pack Vendor :STMicroelectronics X-CUBE-GNSS1 7.0.1
2025-03-18 21:58:35,305 [INFO] ThirdParty:1030 - CMSIS Pack Vendor :STMicroelectronics X-CUBE-MEMS1 11.1.0
2025-03-18 21:58:35,305 [INFO] ThirdParty:1030 - CMSIS Pack Vendor :STMicroelectronics FP-ATR-ASTRA1 2.0.2
2025-03-18 21:58:35,305 [INFO] ThirdParty:1030 - CMSIS Pack Vendor :STMicroelectronics X-CUBE-BLE1 7.1.0
2025-03-18 21:58:35,305 [INFO] ThirdParty:1030 - CMSIS Pack Vendor :STMicroelectronics X-CUBE-TOUCHGFX 4.25.0
2025-03-18 21:58:35,305 [INFO] ThirdParty:1030 - CMSIS Pack Vendor :STMicroelectronics X-CUBE-AZRTOS-H7RS 1.1.0
2025-03-18 21:58:35,305 [INFO] LoadServerUpdatesThread:375 - End of LoadServerUpdate Thread
2025-03-18 21:58:37,572 [WARN] PackLoader:240 - Cannot read IP mode file for STMicroelectronics.FP-SNS-MOTENVWB1.1.4.0
2025-03-18 21:58:37,574 [WARN] PackLoader:240 - Cannot read IP mode file for STMicroelectronics.FP-ATR-ASTRA1.2.0.2
2025-03-18 21:58:37,577 [WARN] PackLoader:240 - Cannot read IP mode file for STMicroelectronics.FP-ATR-ASTRA1.2.0.1
2025-03-18 21:58:37,579 [WARN] PackLoader:240 - Cannot read IP mode file for STMicroelectronics.X-CUBE-SMBUS.2.1.0
2025-03-18 21:58:37,585 [WARN] PackLoader:240 - Cannot read IP mode file for STMicroelectronics.X-CUBE-WB05N.1.1.0
2025-03-18 21:58:37,596 [WARN] PackLoader:240 - Cannot read IP mode file for STMicroelectronics.X-CUBE-AZRTOS-F7.1.1.0
2025-03-18 21:58:37,627 [WARN] PackLoader:240 - Cannot read IP mode file for STMicroelectronics.X-CUBE-MEMS1.11.0.0
2025-03-18 21:58:37,700 [WARN] PackLoader:240 - Cannot read IP mode file for STMicroelectronics.FP-SNS-FLIGHT1.5.0.2
2025-03-18 21:58:37,713 [WARN] PackLoader:240 - Cannot read IP mode file for Infineon.AIROC-Wi-Fi-Bluetooth-STM32.1.7.0
2025-03-18 21:58:37,723 [WARN] PackLoader:240 - Cannot read IP mode file for STMicroelectronics.X-CUBE-DISPLAY.3.0.0
2025-03-18 21:58:37,729 [WARN] PackLoader:240 - Cannot read IP mode file for STMicroelectronics.X-CUBE-BLE1.7.0.0
2025-03-18 21:58:37,734 [WARN] PackLoader:240 - Cannot read IP mode file for STMicroelectronics.X-CUBE-NFC10.1.0.0
2025-03-18 21:58:37,742 [WARN] PackLoader:240 - Cannot read IP mode file for STMicroelectronics.X-CUBE-BLEMGR.4.0.0
2025-03-18 21:58:37,747 [WARN] PackLoader:240 - Cannot read IP mode file for emotas.I-CUBE-CANOPEN.1.3.0
2025-03-18 21:58:37,754 [WARN] PackLoader:240 - Cannot read IP mode file for STMicroelectronics.X-CUBE-BLEMGR.3.1.0
2025-03-18 21:58:37,759 [WARN] PackLoader:240 - Cannot read IP mode file for STMicroelectronics.X-CUBE-AI.10.0.0
2025-03-18 21:58:37,763 [WARN] PackLoader:240 - Cannot read IP mode file for STMicroelectronics.FP-SNS-SMARTAG2.1.2.0
2025-03-18 21:58:37,765 [ERROR] Engine:466 - C:\Users\nguye\.stm32cubemx\thirdparties\pdsc\STMicroelectronics.FP-SNS-FLIGHT1.5.1.0.pdsc: PDSC version is not supported
2025-03-18 21:58:37,796 [WARN] PackLoader:240 - Cannot read IP mode file for STMicroelectronics.X-CUBE-MEMS1.11.1.0
2025-03-18 21:58:37,886 [INFO] LogOutputStream:77 - [STDOUT_REDIRECT] 1 : Invalid condition id : UX_CORESTACK_Condition cause : null
2025-03-18 21:58:37,887 [INFO] LogOutputStream:77 - [STDOUT_REDIRECT] 1 : Invalid condition id : UX_CORESTACK_Condition cause : null
2025-03-18 21:58:37,888 [INFO] LogOutputStream:77 - [STDOUT_REDIRECT] 1 : Invalid condition id : UX_CORESTACK_Condition cause : null
2025-03-18 21:58:37,889 [INFO] LogOutputStream:77 - [STDOUT_REDIRECT] 1 : Invalid condition id : UX_CORESTACK_Condition cause : null
2025-03-18 21:58:37,890 [INFO] LogOutputStream:77 - [STDOUT_REDIRECT] 1 : Invalid condition id : UX_CORESTACK_Condition cause : null
2025-03-18 21:58:37,891 [WARN] PackLoader:240 - Cannot read IP mode file for STMicroelectronics.X-CUBE-AZRTOS-WL.2.0.0
2025-03-18 21:58:37,896 [WARN] PackLoader:240 - Cannot read IP mode file for STMicroelectronics.FP-SNS-MOTENV1.5.0.0
2025-03-18 21:58:37,901 [WARN] PackLoader:240 - Cannot read IP mode file for wolfSSL.I-CUBE-wolfMQTT.1.19.0
2025-03-18 21:58:37,906 [WARN] PackLoader:240 - Cannot read IP mode file for WES.I-CUBE-Cesium.1.3.0
2025-03-18 21:58:37,909 [WARN] PackLoader:240 - Cannot read IP mode file for STMicroelectronics.X-CUBE-BLE2.3.3.0
2025-03-18 21:58:37,913 [WARN] PackLoader:240 - Cannot read IP mode file for STMicroelectronics.X-CUBE-NFC9.1.0.0
2025-03-18 21:58:37,921 [WARN] PackLoader:240 - Cannot read IP mode file for STMicroelectronics.X-CUBE-BLE1.7.1.0
2025-03-18 21:58:37,927 [WARN] PackLoader:240 - Cannot read IP mode file for STMicroelectronics.X-CUBE-TCPP.4.1.0
2025-03-18 21:58:37,937 [WARN] PackLoader:240 - Cannot read IP mode file for STMicroelectronics.X-CUBE-AZRTOS-G0.1.1.0
2025-03-18 21:58:37,953 [WARN] PackLoader:240 - Cannot read IP mode file for STMicroelectronics.X-CUBE-SAFEA1.1.2.2
2025-03-18 21:58:37,959 [WARN] PackLoader:240 - Cannot read IP mode file for STMicroelectronics.X-CUBE-NFC4.3.0.0
2025-03-18 21:58:37,970 [WARN] PackLoader:240 - Cannot read IP mode file for EmbeddedOffice.I-CUBE-FS-RTOS.1.0.1
2025-03-18 21:58:37,971 [ERROR] ConditionMgr:805 - Attr not supported : Dmpu
2025-03-18 21:58:37,971 [ERROR] ConditionMgr:805 - Attr not supported : Dmpu
2025-03-18 21:58:37,971 [ERROR] ConditionMgr:805 - Attr not supported : Dmpu
2025-03-18 21:58:37,971 [ERROR] ConditionMgr:805 - Attr not supported : Dmpu
2025-03-18 21:58:37,971 [ERROR] ConditionMgr:805 - Attr not supported : Dmpu
2025-03-18 21:58:37,971 [ERROR] ConditionMgr:805 - Attr not supported : Dmpu
2025-03-18 21:58:37,971 [ERROR] ConditionMgr:805 - Attr not supported : Dmpu
2025-03-18 21:58:37,971 [ERROR] ConditionMgr:805 - Attr not supported : Dmpu
2025-03-18 21:58:37,971 [ERROR] ConditionMgr:805 - Attr not supported : Dmpu
2025-03-18 21:58:37,971 [ERROR] ConditionMgr:805 - Attr not supported : Dmpu
2025-03-18 21:58:37,971 [ERROR] ConditionMgr:805 - Attr not supported : Dmpu
2025-03-18 21:58:37,971 [ERROR] ConditionMgr:805 - Attr not supported : Dmpu
2025-03-18 21:58:37,972 [ERROR] ConditionMgr:805 - Attr not supported : Dmpu
2025-03-18 21:58:37,972 [ERROR] ConditionMgr:805 - Attr not supported : Dmpu
2025-03-18 21:58:37,972 [ERROR] ConditionMgr:805 - Attr not supported : Dmpu
2025-03-18 21:58:37,972 [ERROR] ConditionMgr:805 - Attr not supported : Dmpu
2025-03-18 21:58:37,972 [ERROR] ConditionMgr:805 - Attr not supported : Dmpu
2025-03-18 21:58:37,972 [ERROR] ConditionMgr:805 - Attr not supported : Dmpu
2025-03-18 21:58:37,972 [ERROR] ConditionMgr:805 - Attr not supported : Dmpu
2025-03-18 21:58:37,972 [ERROR] ConditionMgr:805 - Attr not supported : Dmpu
2025-03-18 21:58:37,972 [ERROR] ConditionMgr:805 - Attr not supported : Dmpu
2025-03-18 21:58:37,972 [ERROR] ConditionMgr:805 - Attr not supported : Dmpu
2025-03-18 21:58:37,972 [ERROR] ConditionMgr:805 - Attr not supported : Dmpu
2025-03-18 21:58:37,972 [ERROR] ConditionMgr:805 - Attr not supported : Dmpu
2025-03-18 21:58:37,972 [ERROR] ConditionMgr:805 - Attr not supported : Dmpu
2025-03-18 21:58:37,973 [ERROR] ConditionMgr:805 - Attr not supported : Dmpu
2025-03-18 21:58:37,973 [ERROR] ConditionMgr:805 - Attr not supported : Dmpu
2025-03-18 21:58:37,973 [ERROR] ConditionMgr:805 - Attr not supported : Dmpu
2025-03-18 21:58:37,973 [ERROR] ConditionMgr:805 - Attr not supported : Dmpu
2025-03-18 21:58:37,973 [ERROR] ConditionMgr:805 - Attr not supported : Dmpu
2025-03-18 21:58:37,973 [ERROR] ConditionMgr:805 - Attr not supported : Dmpu
2025-03-18 21:58:37,973 [ERROR] ConditionMgr:805 - Attr not supported : Dmpu
2025-03-18 21:58:37,973 [ERROR] ConditionMgr:805 - Attr not supported : Dmpu
2025-03-18 21:58:37,973 [ERROR] ConditionMgr:805 - Attr not supported : Dmpu
2025-03-18 21:58:37,973 [ERROR] ConditionMgr:805 - Attr not supported : Dmpu
2025-03-18 21:58:37,973 [ERROR] ConditionMgr:805 - Attr not supported : Dmpu
2025-03-18 21:58:37,973 [ERROR] ConditionMgr:805 - Attr not supported : Dmpu
2025-03-18 21:58:37,973 [ERROR] ConditionMgr:805 - Attr not supported : Dmpu
2025-03-18 21:58:37,973 [ERROR] ConditionMgr:805 - Attr not supported : Dmpu
2025-03-18 21:58:37,973 [ERROR] ConditionMgr:805 - Attr not supported : Dmpu
2025-03-18 21:58:37,973 [ERROR] ConditionMgr:805 - Attr not supported : Dmpu
2025-03-18 21:58:37,973 [ERROR] ConditionMgr:805 - Attr not supported : Dmpu
2025-03-18 21:58:37,974 [ERROR] ConditionMgr:805 - Attr not supported : Dmpu
2025-03-18 21:58:37,974 [ERROR] ConditionMgr:805 - Attr not supported : Dmpu
2025-03-18 21:58:37,974 [ERROR] ConditionMgr:805 - Attr not supported : Dmpu
2025-03-18 21:58:37,974 [ERROR] ConditionMgr:805 - Attr not supported : Dmpu
2025-03-18 21:58:37,974 [ERROR] ConditionMgr:805 - Attr not supported : Dmpu
2025-03-18 21:58:37,974 [ERROR] ConditionMgr:805 - Attr not supported : Dmpu
2025-03-18 21:58:37,974 [ERROR] ConditionMgr:805 - Attr not supported : Dmpu
2025-03-18 21:58:37,974 [ERROR] ConditionMgr:805 - Attr not supported : Dmpu
2025-03-18 21:58:37,974 [ERROR] ConditionMgr:805 - Attr not supported : Dmpu
2025-03-18 21:58:37,974 [ERROR] ConditionMgr:805 - Attr not supported : Dmpu
2025-03-18 21:58:37,974 [ERROR] ConditionMgr:805 - Attr not supported : Dmpu
2025-03-18 21:58:37,974 [ERROR] ConditionMgr:805 - Attr not supported : Dmpu
2025-03-18 21:58:37,974 [ERROR] ConditionMgr:805 - Attr not supported : Dmpu
2025-03-18 21:58:37,974 [ERROR] ConditionMgr:805 - Attr not supported : Dmpu
2025-03-18 21:58:37,975 [ERROR] ConditionMgr:805 - Attr not supported : Dmpu
2025-03-18 21:58:37,975 [ERROR] ConditionMgr:805 - Attr not supported : Dmpu
2025-03-18 21:58:37,975 [ERROR] ConditionMgr:805 - Attr not supported : Dmpu
2025-03-18 21:58:37,975 [ERROR] ConditionMgr:805 - Attr not supported : Dmpu
2025-03-18 21:58:37,975 [ERROR] ConditionMgr:805 - Attr not supported : Dmpu
2025-03-18 21:58:37,975 [ERROR] ConditionMgr:805 - Attr not supported : Dmpu
2025-03-18 21:58:37,975 [ERROR] ConditionMgr:805 - Attr not supported : Dmpu
2025-03-18 21:58:37,975 [ERROR] ConditionMgr:805 - Attr not supported : Dmpu
2025-03-18 21:58:37,978 [ERROR] Engine:466 - C:\Users\nguye\.stm32cubemx\thirdparties\pdsc\STMicroelectronics.X-CUBE-TCPP.4.2.0.pdsc: PDSC version is not supported
2025-03-18 21:58:37,982 [WARN] PackLoader:240 - Cannot read IP mode file for RealThread.X-CUBE-RT-Thread_Nano.4.1.1
2025-03-18 21:58:37,985 [WARN] PackLoader:240 - Cannot read IP mode file for STMicroelectronics.FP-ATR-SIGFOX1.3.2.0
2025-03-18 21:58:37,990 [WARN] ConditionMgr:438 - getConditionDescription Invalid condition id : Cortex-A Device cause : null
2025-03-18 21:58:37,999 [WARN] ConditionMgr:1039 - genDependencies : Invalid condition id : Cortex-A Device cause : null
2025-03-18 21:58:38,001 [WARN] ConditionMgr:1039 - genDependencies : Invalid condition id : Cortex-A Device cause : null
2025-03-18 21:58:38,001 [WARN] ConditionMgr:1039 - genDependencies : Invalid condition id : Cortex-A Device cause : null
2025-03-18 21:58:38,005 [WARN] PackLoader:240 - Cannot read IP mode file for STMicroelectronics.X-CUBE-EEPRMA1.5.1.0
2025-03-18 21:58:38,009 [WARN] PackLoader:240 - Cannot read IP mode file for wolfSSL.I-CUBE-wolfSSL.5.7.4
2025-03-18 21:58:38,019 [WARN] PackLoader:240 - Cannot read IP mode file for ITTIA_DB.I-CUBE-ITTIADB.8.9.0
2025-03-18 21:58:38,039 [WARN] PackLoader:240 - Cannot read IP mode file for SEGGER.I-CUBE-embOS.1.3.1
2025-03-18 21:58:38,067 [WARN] PackLoader:240 - Cannot read IP mode file for STMicroelectronics.X-CUBE-ALGOBUILD.1.4.0
2025-03-18 21:58:38,070 [WARN] PackLoader:240 - Cannot read IP mode file for STMicroelectronics.X-CUBE-AI.9.1.0
2025-03-18 21:58:38,086 [WARN] PackLoader:240 - Cannot read IP mode file for STMicroelectronics.X-CUBE-AZRTOS-F4.1.1.0
2025-03-18 21:58:38,091 [WARN] PackLoader:240 - Cannot read IP mode file for STMicroelectronics.X-CUBE-ISPU.2.1.0
2025-03-18 21:58:38,097 [WARN] PackLoader:240 - Cannot read IP mode file for STMicroelectronics.X-CUBE-FREERTOS.1.2.0
2025-03-18 21:58:38,109 [WARN] PackLoader:240 - Cannot read IP mode file for STMicroelectronics.X-CUBE-AZRTOS-L5.2.0.0
2025-03-18 21:58:38,113 [WARN] PackLoader:240 - Cannot read IP mode file for STMicroelectronics.X-CUBE-NFC6.3.1.0
2025-03-18 21:58:38,113 [WARN] PackLoader:240 - Cannot read IP mode file for STMicroelectronics.X-CUBE-DPower.1.2.0
2025-03-18 21:58:38,123 [WARN] PackLoader:240 - Cannot read IP mode file for STMicroelectronics.X-CUBE-FREERTOS.1.3.0
2025-03-18 21:58:38,129 [WARN] PackLoader:240 - Cannot read IP mode file for STMicroelectronics.X-CUBE-NFC7.1.0.1
2025-03-18 21:58:38,141 [WARN] ConditionMgr:438 - getConditionDescription Invalid condition id : LAN8742 Phy interface Condition cause : null
2025-03-18 21:58:38,141 [WARN] PackLoader:240 - Cannot read IP mode file for STMicroelectronics.X-CUBE-AZRTOS-L4.2.0.0
2025-03-18 21:58:38,142 [WARN] ConditionMgr:1039 - genDependencies : Invalid condition id : LAN8742 Phy interface Condition cause : null
2025-03-18 21:58:38,142 [WARN] ConditionMgr:1039 - genDependencies : Invalid condition id : LAN8742 Phy interface Condition cause : null
2025-03-18 21:58:38,142 [WARN] ConditionMgr:1039 - genDependencies : Invalid condition id : LAN8742 Phy interface Condition cause : null
2025-03-18 21:58:38,185 [WARN] PackLoader:240 - Cannot read IP mode file for STMicroelectronics.X-CUBE-SFXS2LP1.4.0.0
2025-03-18 21:58:38,231 [WARN] PackLoader:240 - Cannot read IP mode file for STMicroelectronics.X-CUBE-AZRTOS-H7.3.3.0
2025-03-18 21:58:38,240 [WARN] PackLoader:240 - Cannot read IP mode file for STMicroelectronics.X-CUBE-IPS.3.0.0
2025-03-18 21:58:38,252 [WARN] ConditionMgr:438 - getConditionDescription Invalid condition id : UX DEVICE CLASS RTOS Condition cause : null
2025-03-18 21:58:38,252 [WARN] ConditionMgr:438 - getConditionDescription Invalid condition id : UX DEVICE CLASS RTOS Condition cause : null
2025-03-18 21:58:38,253 [WARN] PackLoader:240 - Cannot read IP mode file for STMicroelectronics.X-CUBE-AZRTOS-WB.2.0.0
2025-03-18 21:58:38,253 [WARN] ConditionMgr:1039 - genDependencies : Invalid condition id : UX DEVICE CLASS RTOS Condition cause : null
2025-03-18 21:58:38,254 [WARN] ConditionMgr:1039 - genDependencies : Invalid condition id : UX DEVICE CLASS RTOS Condition cause : null
2025-03-18 21:58:38,254 [WARN] ConditionMgr:1039 - genDependencies : Invalid condition id : UX DEVICE CLASS RTOS Condition cause : null
2025-03-18 21:58:38,254 [WARN] ConditionMgr:1039 - genDependencies : Invalid condition id : UX DEVICE CLASS RTOS Condition cause : null
2025-03-18 21:58:38,254 [WARN] ConditionMgr:1039 - genDependencies : Invalid condition id : UX DEVICE CLASS RTOS Condition cause : null
2025-03-18 21:58:38,259 [WARN] PackLoader:240 - Cannot read IP mode file for STMicroelectronics.X-CUBE-GNSS1.7.0.0
2025-03-18 21:58:38,262 [WARN] PackLoader:240 - Cannot read IP mode file for STMicroelectronics.X-CUBE-GNSS1.7.0.1
2025-03-18 21:58:38,266 [WARN] PackLoader:240 - Cannot read IP mode file for STMicroelectronics.X-CUBE-TOUCHGFX.4.25.0
2025-03-18 21:58:38,270 [WARN] PackLoader:240 - Cannot read IP mode file for STMicroelectronics.FP-SNS-STBOX1.2.0.0
2025-03-18 21:58:38,279 [WARN] PackLoader:240 - Cannot read IP mode file for STMicroelectronics.X-CUBE-SUBG2.5.0.0
2025-03-18 21:58:38,294 [WARN] PackLoader:240 - Cannot read IP mode file for STMicroelectronics.X-CUBE-AZRTOS-H7RS.1.1.0
2025-03-18 21:58:38,299 [WARN] PackLoader:240 - Cannot read IP mode file for Cesanta.I-CUBE-Mongoose.7.13.0
2025-03-18 21:58:38,308 [WARN] PackLoader:240 - Cannot read IP mode file for STMicroelectronics.X-CUBE-AZRTOS-G4.2.0.0
2025-03-18 21:58:38,311 [ERROR] Engine:466 - C:\Users\nguye\.stm32cubemx\thirdparties\pdsc\STMicroelectronics.X-CUBE-IPS.3.1.0.pdsc: PDSC version is not supported
2025-03-18 21:58:38,317 [WARN] PackLoader:240 - Cannot read IP mode file for STMicroelectronics.X-CUBE-ALS.1.0.2
2025-03-18 21:58:38,320 [WARN] PackLoader:240 - Cannot read IP mode file for STMicroelectronics.X-CUBE-TOUCHGFX.4.24.1
2025-03-18 21:58:38,323 [WARN] PackLoader:240 - Cannot read IP mode file for wolfSSL.I-CUBE-wolfTPM.3.4.0
2025-03-18 21:58:38,329 [WARN] PackLoader:240 - Cannot read IP mode file for portGmbH.I-Cube-SoM-uGOAL.1.1.0
2025-03-18 21:58:38,340 [WARN] PackLoader:240 - Cannot read IP mode file for STMicroelectronics.X-CUBE-AZRTOS-H7RS.1.0.0
2025-03-18 21:58:38,351 [WARN] PackLoader:240 - Cannot read IP mode file for STMicroelectronics.X-CUBE-TOF1.3.4.2
2025-03-18 21:58:38,359 [WARN] PackLoader:240 - Cannot read IP mode file for wolfSSL.I-CUBE-wolfSSH.1.4.17
2025-03-18 21:58:38,359 [INFO] ThirdParty:978 - Integrity check success = true
2025-03-18 21:58:38,359 [INFO] IntegrityCheckThread:100 - exiting critical section [integrity check]
2025-03-18 21:58:38,359 [INFO] IntegrityCheckThread:103 - End integrity checks thread
2025-03-18 22:43:33,598 [INFO] Activator:176 - 


2025-03-18 22:43:33,601 [INFO] Activator:177 - !SESSION log4j initialized
2025-03-18 22:43:36,714 [INFO] LogOutputStream:77 - [STDOUT_REDIRECT] 
2025-03-18 22:43:39,862 [INFO] ApplicationProperties:184 - Using Application install path: D:\stm32cube_ide\STM32CubeIDE_1.16.0\STM32CubeIDE\plugins\com.st.stm32cube.common.mx_6.12.0.202406281431
2025-03-18 22:43:39,880 [INFO] DbMcusXml:78 - Set database path to: D:\stm32cube_ide\STM32CubeIDE_1.16.0\STM32CubeIDE\plugins\com.st.stm32cube.common.mx_6.12.0.202406281431\\db\/mcu/
2025-03-18 22:43:39,881 [INFO] ApiDb:274 - Set plugin database path to: D:\stm32cube_ide\STM32CubeIDE_1.16.0\STM32CubeIDE\plugins\com.st.stm32cube.common.mx_6.12.0.202406281431\\db\/plugins/boardmanager/
2025-03-18 22:43:39,881 [WARN] ApiDb:259 - Overriding images path with different value:  => D:\stm32cube_ide\STM32CubeIDE_1.16.0\STM32CubeIDE\plugins\com.st.stm32cube.common.mx_6.12.0.202406281431\\db\/plugins/mcufinder/images/
2025-03-18 22:43:39,889 [INFO] ApiDb:250 - Set database path to: C:\Users\nguye\.stmcufinder\plugins\mcufinder//mcu/
2025-03-18 22:43:39,891 [INFO] DbMcusAds:125 - Set database path to: C:\Users\nguye\.stmcufinder\plugins\mcufinder//mcu/
2025-03-18 22:43:39,893 [INFO] CrossReferenceDbSqlite:203 - Set database path to: C:\Users\nguye\.stmcufinder\plugins\mcufinder//mcu/cs/
2025-03-18 22:43:39,992 [INFO] RulesReader:64 - Compatibility file has been processed (297 Rules)
2025-03-18 22:43:40,062 [INFO] DbMcusXml:78 - Set database path to: D:\stm32cube_ide\STM32CubeIDE_1.16.0\STM32CubeIDE\plugins\com.st.stm32cube.common.mx_6.12.0.202406281431\\db\/mcu/
2025-03-18 22:43:40,063 [INFO] ApiDb:274 - Set plugin database path to: D:\stm32cube_ide\STM32CubeIDE_1.16.0\STM32CubeIDE\plugins\com.st.stm32cube.common.mx_6.12.0.202406281431\\db\/plugins/boardmanager/
2025-03-18 22:43:40,063 [INFO] ApiDb:261 - Set plugin images path to: D:\stm32cube_ide\STM32CubeIDE_1.16.0\STM32CubeIDE\plugins\com.st.stm32cube.common.mx_6.12.0.202406281431\\db\/plugins/mcufinder/images/
2025-03-18 22:43:40,063 [WARN] DbFile:41 - Overriding database path with different value: C:\Users\nguye\.stmcufinder\plugins\mcufinder/ => C:\Users\nguye\.stmcufinder\plugins\mcufinder
2025-03-18 22:43:40,063 [INFO] ApiDb:250 - Set database path to: C:\Users\nguye\.stmcufinder\plugins\mcufinder//mcu/
2025-03-18 22:43:40,063 [WARN] DbFile:41 - Overriding database path with different value: C:\Users\nguye\.stmcufinder\plugins\mcufinder/ => C:\Users\nguye\.stmcufinder\plugins\mcufinder
2025-03-18 22:43:40,063 [INFO] DbMcusAds:125 - Set database path to: C:\Users\nguye\.stmcufinder\plugins\mcufinder//mcu/
2025-03-18 22:43:40,063 [WARN] DbFile:41 - Overriding database path with different value: C:\Users\nguye\.stmcufinder\plugins\mcufinder/ => C:\Users\nguye\.stmcufinder\plugins\mcufinder
2025-03-18 22:43:40,063 [WARN] DbFile:41 - Overriding database path with different value: C:\Users\nguye\.stmcufinder\plugins\mcufinder/ => C:\Users\nguye\.stmcufinder\plugins\mcufinder
2025-03-18 22:43:40,063 [INFO] CrossReferenceDbSqlite:203 - Set database path to: C:\Users\nguye\.stmcufinder\plugins\mcufinder//mcu/cs/
2025-03-18 22:43:40,135 [INFO] MainPanel:268 - HeapMemory: 268435456
2025-03-18 22:43:40,227 [INFO] DbMcusXml:78 - Set database path to: D:\stm32cube_ide\STM32CubeIDE_1.16.0\STM32CubeIDE\plugins\com.st.stm32cube.common.mx_6.12.0.202406281431\\db\/mcu/
2025-03-18 22:43:40,227 [INFO] ApiDb:274 - Set plugin database path to: D:\stm32cube_ide\STM32CubeIDE_1.16.0\STM32CubeIDE\plugins\com.st.stm32cube.common.mx_6.12.0.202406281431\\db\/plugins/boardmanager/
2025-03-18 22:43:40,228 [INFO] ApiDb:261 - Set plugin images path to: D:\stm32cube_ide\STM32CubeIDE_1.16.0\STM32CubeIDE\plugins\com.st.stm32cube.common.mx_6.12.0.202406281431\\db\/plugins/mcufinder/images/
2025-03-18 22:43:40,228 [WARN] DbFile:41 - Overriding database path with different value: C:\Users\nguye\.stmcufinder\plugins\mcufinder/ => C:\Users\nguye\.stmcufinder\plugins\mcufinder
2025-03-18 22:43:40,228 [INFO] ApiDb:250 - Set database path to: C:\Users\nguye\.stmcufinder\plugins\mcufinder//mcu/
2025-03-18 22:43:40,228 [WARN] DbFile:41 - Overriding database path with different value: C:\Users\nguye\.stmcufinder\plugins\mcufinder/ => C:\Users\nguye\.stmcufinder\plugins\mcufinder
2025-03-18 22:43:40,228 [INFO] DbMcusAds:125 - Set database path to: C:\Users\nguye\.stmcufinder\plugins\mcufinder//mcu/
2025-03-18 22:43:40,228 [WARN] DbFile:41 - Overriding database path with different value: C:\Users\nguye\.stmcufinder\plugins\mcufinder/ => C:\Users\nguye\.stmcufinder\plugins\mcufinder
2025-03-18 22:43:40,228 [WARN] DbFile:41 - Overriding database path with different value: C:\Users\nguye\.stmcufinder\plugins\mcufinder/ => C:\Users\nguye\.stmcufinder\plugins\mcufinder
2025-03-18 22:43:40,228 [INFO] CrossReferenceDbSqlite:203 - Set database path to: C:\Users\nguye\.stmcufinder\plugins\mcufinder//mcu/cs/
2025-03-18 22:43:40,245 [INFO] ApplicationProperties:184 - Using Application install path: D:\stm32cube_ide\STM32CubeIDE_1.16.0\STM32CubeIDE\plugins\com.st.stm32cube.common.mx_6.12.0.202406281431
2025-03-18 22:43:40,246 [INFO] PluginManage:196 - Search for loadable plugins [exclusion list=, ]
2025-03-18 22:43:40,248 [INFO] PluginManage:310 - Check plugin analytics
2025-03-18 22:43:40,404 [INFO] AnalyticsPlugin:253 - Accepted Software Licenses: 
2025-03-18 22:43:40,404 [INFO] AnalyticsPlugin:255 - Accepted CMSIS Pack Licenses: 
2025-03-18 22:43:40,404 [INFO] AnalyticsPlugin:257 - Accepted Firmware Licenses: 
2025-03-18 22:43:40,406 [INFO] PluginManage:359 - Loaded plugin analytics (category:tool,tabindex:-1)
2025-03-18 22:43:40,407 [INFO] PluginManage:310 - Check plugin cadmodel
2025-03-18 22:43:40,412 [INFO] CADModel:105 - Init CAD model plugin
2025-03-18 22:43:40,413 [INFO] PluginManage:359 - Loaded plugin cadmodel (category:power,tabindex:5)
2025-03-18 22:43:40,413 [INFO] PluginManage:310 - Check plugin clock
2025-03-18 22:43:40,423 [INFO] PluginManage:359 - Loaded plugin clock (category:base,tabindex:2)
2025-03-18 22:43:40,423 [INFO] PluginManage:310 - Check plugin ddr
2025-03-18 22:43:40,427 [INFO] PluginManage:359 - Loaded plugin ddr (category:tool,tabindex:6)
2025-03-18 22:43:40,427 [INFO] PluginManage:310 - Check plugin filemanager
2025-03-18 22:43:40,576 [INFO] PluginManage:359 - Loaded plugin filemanager (category:base,tabindex:10)
2025-03-18 22:43:40,576 [INFO] PluginManage:310 - Check plugin ipmanager
2025-03-18 22:43:40,583 [INFO] PluginManage:359 - Loaded plugin ipmanager (category:base,tabindex:5)
2025-03-18 22:43:40,583 [INFO] PluginManage:310 - Check plugin lpbam
2025-03-18 22:43:40,591 [INFO] PluginManage:359 - Loaded plugin lpbam (category:base,tabindex:0)
2025-03-18 22:43:40,592 [INFO] PluginManage:310 - Check plugin memorymap
2025-03-18 22:43:40,607 [INFO] PluginManage:359 - Loaded plugin memorymap (category:base,tabindex:4)
2025-03-18 22:43:40,607 [INFO] PluginManage:310 - Check plugin pinoutandconfiguration
2025-03-18 22:43:40,614 [INFO] PluginManage:359 - Loaded plugin pinoutandconfiguration (category:base,tabindex:1)
2025-03-18 22:43:40,614 [INFO] PluginManage:310 - Check plugin pinoutconfig
2025-03-18 22:43:40,688 [WARN] SupportedApi:132 - Cannot load RTOS API schema: s4s-elt-must-match.1: The content of 'definitions' must match (annotation?, (simpleType | complexType)?, (unique | key | keyref)*)). A problem was found starting at: attribute.
2025-03-18 22:43:40,808 [INFO] PluginManage:359 - Loaded plugin pinoutconfig (category:base,tabindex:0)
2025-03-18 22:43:40,808 [INFO] PluginManage:310 - Check plugin power
2025-03-18 22:43:40,816 [INFO] PluginManage:359 - Loaded plugin power (category:power,tabindex:4)
2025-03-18 22:43:40,816 [INFO] PluginManage:310 - Check plugin projectmanager
2025-03-18 22:43:40,831 [INFO] PluginManage:359 - Loaded plugin projectmanager (category:projectmanager,tabindex:4)
2025-03-18 22:43:40,831 [INFO] PluginManage:310 - Check plugin rif
2025-03-18 22:43:40,837 [INFO] PluginManage:359 - Loaded plugin rif (category:base,tabindex:3)
2025-03-18 22:43:40,838 [INFO] PluginManage:310 - Check plugin thirdparty
2025-03-18 22:43:40,950 [INFO] PluginManage:359 - Loaded plugin thirdparty (category:base,tabindex:-1)
2025-03-18 22:43:40,950 [WARN] IntegrityCheckThread:84 - waiting for thirdparty lock release [integrity check]
2025-03-18 22:43:40,951 [INFO] PluginManage:310 - Check plugin tools
2025-03-18 22:43:40,951 [INFO] IntegrityCheckThread:86 - entering critical section [integrity check]
2025-03-18 22:43:40,951 [INFO] ThirdPartyUpdaterWithRetryManager:70 - Updater plugin not ready yet. [1/15]
2025-03-18 22:43:40,953 [INFO] PluginManage:359 - Loaded plugin tools (category:base,tabindex:7)
2025-03-18 22:43:40,953 [INFO] PluginManage:310 - Check plugin tutovideos
2025-03-18 22:43:41,117 [INFO] PluginManage:359 - Loaded plugin tutovideos (category:base,tabindex:-1)
2025-03-18 22:43:41,117 [INFO] PluginManage:310 - Check plugin updater
2025-03-18 22:43:41,138 [INFO] PluginManage:359 - Loaded plugin updater (category:base,tabindex:12)
2025-03-18 22:43:41,138 [INFO] PluginManage:310 - Check plugin userauth
2025-03-18 22:43:41,145 [INFO] UserAuth:113 - Init User Auth plugin
2025-03-18 22:43:41,145 [INFO] PluginManage:359 - Loaded plugin userauth (category:base,tabindex:14)
2025-03-18 22:43:41,145 [INFO] PluginManage:283 - PluginManage : Loaded plugins [18]
2025-03-18 22:43:41,353 [INFO] PinOutPanel:1561 - setPackage(No Configuration,No Configuration)
2025-03-18 22:43:41,436 [INFO] CADModel:165 - CPN selected for project level
2025-03-18 22:43:41,436 [INFO] CADModel:114 - Register for checkConnection events
2025-03-18 22:43:41,451 [INFO] IPUIPlugin:80 - create IPUIPlugin
2025-03-18 22:43:41,451 [INFO] PluginManager:220 - loadIPPluginJar : add adc
2025-03-18 22:43:41,453 [INFO] IPUIPlugin:80 - create IPUIPlugin
2025-03-18 22:43:41,453 [INFO] PluginManager:220 - loadIPPluginJar : add aes
2025-03-18 22:43:41,455 [INFO] IPUIPlugin:80 - create IPUIPlugin
2025-03-18 22:43:41,455 [INFO] PluginManager:220 - loadIPPluginJar : add can
2025-03-18 22:43:41,457 [INFO] IPUIPlugin:80 - create IPUIPlugin
2025-03-18 22:43:41,457 [INFO] PluginManager:220 - loadIPPluginJar : add comp
2025-03-18 22:43:41,459 [INFO] IPUIPlugin:80 - create IPUIPlugin
2025-03-18 22:43:41,459 [INFO] PluginManager:220 - loadIPPluginJar : add cryp
2025-03-18 22:43:41,461 [INFO] IPUIPlugin:80 - create IPUIPlugin
2025-03-18 22:43:41,461 [INFO] PluginManager:220 - loadIPPluginJar : add ddr_ctrl_phy
2025-03-18 22:43:41,463 [INFO] IPUIPlugin:80 - create IPUIPlugin
2025-03-18 22:43:41,463 [INFO] PluginManager:220 - loadIPPluginJar : add dfsdm
2025-03-18 22:43:41,468 [INFO] IPUIPlugin:80 - create IPUIPlugin
2025-03-18 22:43:41,468 [INFO] PluginManager:220 - loadIPPluginJar : add dma
2025-03-18 22:43:41,470 [INFO] IPUIPlugin:80 - create IPUIPlugin
2025-03-18 22:43:41,470 [INFO] PluginManager:220 - loadIPPluginJar : add dma3
2025-03-18 22:43:41,472 [INFO] IPUIPlugin:80 - create IPUIPlugin
2025-03-18 22:43:41,472 [INFO] PluginManager:220 - loadIPPluginJar : add extmemmanager
2025-03-18 22:43:41,472 [INFO] IPUIPlugin:80 - create IPUIPlugin
2025-03-18 22:43:41,472 [INFO] PluginManager:220 - loadIPPluginJar : add fatfs
2025-03-18 22:43:41,475 [INFO] IPUIPlugin:80 - create IPUIPlugin
2025-03-18 22:43:41,477 [INFO] PluginManager:220 - loadIPPluginJar : add fmc
2025-03-18 22:43:41,481 [INFO] IPUIPlugin:80 - create IPUIPlugin
2025-03-18 22:43:41,481 [INFO] PluginManager:220 - loadIPPluginJar : add freertos
2025-03-18 22:43:41,482 [INFO] IPUIPlugin:80 - create IPUIPlugin
2025-03-18 22:43:41,482 [INFO] PluginManager:220 - loadIPPluginJar : add genericplugin
2025-03-18 22:43:41,483 [INFO] IPUIPlugin:80 - create IPUIPlugin
2025-03-18 22:43:41,483 [INFO] PluginManager:220 - loadIPPluginJar : add gfxmmu
2025-03-18 22:43:41,487 [INFO] IPUIPlugin:80 - create IPUIPlugin
2025-03-18 22:43:41,487 [INFO] PluginManager:220 - loadIPPluginJar : add gic
2025-03-18 22:43:41,491 [INFO] IPUIPlugin:80 - create IPUIPlugin
2025-03-18 22:43:41,491 [INFO] PluginManager:220 - loadIPPluginJar : add gpio
2025-03-18 22:43:41,493 [INFO] IPUIPlugin:80 - create IPUIPlugin
2025-03-18 22:43:41,494 [INFO] PluginManager:220 - loadIPPluginJar : add gtzc
2025-03-18 22:43:41,496 [INFO] IPUIPlugin:80 - create IPUIPlugin
2025-03-18 22:43:41,496 [INFO] PluginManager:220 - loadIPPluginJar : add hash
2025-03-18 22:43:41,501 [INFO] IPUIPlugin:80 - create IPUIPlugin
2025-03-18 22:43:41,501 [INFO] PluginManager:220 - loadIPPluginJar : add i2c
2025-03-18 22:43:41,503 [INFO] IPUIPlugin:80 - create IPUIPlugin
2025-03-18 22:43:41,503 [INFO] PluginManager:220 - loadIPPluginJar : add i2s
2025-03-18 22:43:41,506 [INFO] IPUIPlugin:80 - create IPUIPlugin
2025-03-18 22:43:41,506 [INFO] PluginManager:220 - loadIPPluginJar : add i3c
2025-03-18 22:43:41,511 [INFO] IPUIPlugin:80 - create IPUIPlugin
2025-03-18 22:43:41,511 [INFO] PluginManager:220 - loadIPPluginJar : add ipddr
2025-03-18 22:43:41,515 [INFO] IPUIPlugin:80 - create IPUIPlugin
2025-03-18 22:43:41,515 [INFO] PluginManager:220 - loadIPPluginJar : add linkedlist
2025-03-18 22:43:41,518 [INFO] IPUIPlugin:80 - create IPUIPlugin
2025-03-18 22:43:41,518 [INFO] PluginManager:220 - loadIPPluginJar : add lorawan
2025-03-18 22:43:41,519 [INFO] IPUIPlugin:80 - create IPUIPlugin
2025-03-18 22:43:41,519 [INFO] PluginManager:220 - loadIPPluginJar : add ltdc
2025-03-18 22:43:41,524 [INFO] IPUIPlugin:80 - create IPUIPlugin
2025-03-18 22:43:41,524 [INFO] PluginManager:220 - loadIPPluginJar : add mdma
2025-03-18 22:43:41,526 [INFO] IPUIPlugin:80 - create IPUIPlugin
2025-03-18 22:43:41,527 [INFO] PluginManager:220 - loadIPPluginJar : add nvic
2025-03-18 22:43:41,529 [INFO] IPUIPlugin:80 - create IPUIPlugin
2025-03-18 22:43:41,530 [INFO] PluginManager:220 - loadIPPluginJar : add opamp
2025-03-18 22:43:41,532 [INFO] IPUIPlugin:80 - create IPUIPlugin
2025-03-18 22:43:41,532 [INFO] PluginManager:220 - loadIPPluginJar : add openamp
2025-03-18 22:43:41,535 [INFO] IPUIPlugin:80 - create IPUIPlugin
2025-03-18 22:43:41,536 [INFO] PluginManager:220 - loadIPPluginJar : add pdm2pcm
2025-03-18 22:43:41,541 [INFO] IPUIPlugin:80 - create IPUIPlugin
2025-03-18 22:43:41,544 [INFO] PluginManager:220 - loadIPPluginJar : add plateformsettings
2025-03-18 22:43:41,546 [INFO] IPUIPlugin:80 - create IPUIPlugin
2025-03-18 22:43:41,546 [INFO] PluginManager:220 - loadIPPluginJar : add quadspi
2025-03-18 22:43:41,547 [INFO] IPUIPlugin:80 - create IPUIPlugin
2025-03-18 22:43:41,548 [INFO] PluginManager:220 - loadIPPluginJar : add radio
2025-03-18 22:43:41,554 [INFO] IPUIPlugin:80 - create IPUIPlugin
2025-03-18 22:43:41,554 [INFO] PluginManager:220 - loadIPPluginJar : add resmgrutility
2025-03-18 22:43:41,558 [INFO] IPUIPlugin:80 - create IPUIPlugin
2025-03-18 22:43:41,558 [INFO] PluginManager:220 - loadIPPluginJar : add sai
2025-03-18 22:43:41,561 [INFO] IPUIPlugin:80 - create IPUIPlugin
2025-03-18 22:43:41,561 [INFO] PluginManager:220 - loadIPPluginJar : add spi
2025-03-18 22:43:41,564 [INFO] IPUIPlugin:80 - create IPUIPlugin
2025-03-18 22:43:41,564 [INFO] PluginManager:220 - loadIPPluginJar : add stm32_wpan
2025-03-18 22:43:41,567 [INFO] IPUIPlugin:80 - create IPUIPlugin
2025-03-18 22:43:41,567 [INFO] PluginManager:220 - loadIPPluginJar : add tim
2025-03-18 22:43:41,570 [INFO] IPUIPlugin:80 - create IPUIPlugin
2025-03-18 22:43:41,570 [INFO] PluginManager:220 - loadIPPluginJar : add touchsensing
2025-03-18 22:43:41,572 [INFO] IPUIPlugin:80 - create IPUIPlugin
2025-03-18 22:43:41,572 [INFO] PluginManager:220 - loadIPPluginJar : add tracer_emb
2025-03-18 22:43:41,573 [INFO] IPUIPlugin:80 - create IPUIPlugin
2025-03-18 22:43:41,574 [INFO] PluginManager:220 - loadIPPluginJar : add ts
2025-03-18 22:43:41,575 [INFO] IPUIPlugin:80 - create IPUIPlugin
2025-03-18 22:43:41,575 [INFO] PluginManager:220 - loadIPPluginJar : add tsc
2025-03-18 22:43:41,576 [INFO] IPUIPlugin:80 - create IPUIPlugin
2025-03-18 22:43:41,576 [INFO] PluginManager:220 - loadIPPluginJar : add ucpd
2025-03-18 22:43:41,579 [INFO] IPUIPlugin:80 - create IPUIPlugin
2025-03-18 22:43:41,580 [INFO] PluginManager:220 - loadIPPluginJar : add usart
2025-03-18 22:43:41,583 [INFO] IPUIPlugin:80 - create IPUIPlugin
2025-03-18 22:43:41,583 [INFO] PluginManager:220 - loadIPPluginJar : add usbx
2025-03-18 22:43:41,711 [INFO] CADModel:165 - CPN selected for project level
2025-03-18 22:43:41,711 [INFO] CADModel:114 - Register for checkConnection events
2025-03-18 22:43:41,711 [FATAL] Updater:334 - Updater called before beeing initialized
2025-03-18 22:43:41,711 [ERROR] CADModel:125 - Updater not yet initialized, retry later 
2025-03-18 22:43:41,822 [INFO] CADModel:165 - CPN selected for project level
2025-03-18 22:43:41,822 [INFO] CADModel:114 - Register for checkConnection events
2025-03-18 22:43:41,822 [FATAL] Updater:334 - Updater called before beeing initialized
2025-03-18 22:43:41,822 [ERROR] CADModel:125 - Updater not yet initialized, retry later 
2025-03-18 22:43:41,825 [FATAL] Updater:334 - Updater called before beeing initialized
2025-03-18 22:43:41,923 [FATAL] Updater:334 - Updater called before beeing initialized
2025-03-18 22:43:41,926 [INFO] DbMcusAds:53 - JSON generation date=Fri Sep 20 22:04:23 JST 2024 (1726837463113)
2025-03-18 22:43:41,926 [FATAL] Updater:334 - Updater called before beeing initialized
2025-03-18 22:43:41,960 [WARN] DetailPanel:346 - Failed to get advertising image, set to default
2025-03-18 22:43:42,043 [FATAL] Updater:334 - Updater called before beeing initialized
2025-03-18 22:43:42,045 [FATAL] Updater:334 - Updater called before beeing initialized
2025-03-18 22:43:42,045 [FATAL] Updater:334 - Updater called before beeing initialized
2025-03-18 22:43:42,045 [WARN] DetailPanel:346 - Failed to get advertising image, set to default
2025-03-18 22:43:42,047 [FATAL] Updater:334 - Updater called before beeing initialized
2025-03-18 22:43:42,084 [ERROR] Updater:1164 - MainUpdater not yet initialized. External WinMGr cannot be set.
2025-03-18 22:43:42,086 [INFO] Updater:1100 - Updater Version found : 6.12.0
2025-03-18 22:43:42,105 [INFO] ApplicationProperties:184 - Using Application install path: D:\stm32cube_ide\STM32CubeIDE_1.16.0\STM32CubeIDE\plugins\com.st.stm32cube.common.mx_6.12.0.202406281431
2025-03-18 22:43:43,675 [ERROR] LogOutputStream:75 - [STDERR_REDIRECT] Mar 18, 2025 10:43:43 PM java.util.prefs.WindowsPreferences <init>
2025-03-18 22:43:43,677 [ERROR] LogOutputStream:75 - [STDERR_REDIRECT] WARNING: Could not open/create prefs root node Software\JavaSoft\Prefs at root 0xffffffff80000002. Windows RegCreateKeyEx(...) returned error code 5.
2025-03-18 22:43:43,677 [ERROR] LogOutputStream:75 - [STDERR_REDIRECT] 
2025-03-18 22:43:43,894 [INFO] MainUpdater:2873 - connection check result : 10
2025-03-18 22:43:43,896 [INFO] MainUpdater:290 - Updater Check For Update Now.
2025-03-18 22:43:43,896 [INFO] MicroXplorer:498 - Change Database Version : DB.6.0.120
2025-03-18 22:43:43,901 [INFO] McuFinderGlobals:63 - Set McuFinder mode to 2 (CubeIDE integrated)
2025-03-18 22:43:43,901 [INFO] UserAuth:179 - activating auth plugin
2025-03-18 22:43:43,904 [INFO] UserAuth:417 - Internet connection configuration mode: 1
2025-03-18 22:43:43,924 [INFO] JxBrowserEngine:152 - Initiate JxBrowser Engine with user profile folder
2025-03-18 22:43:43,952 [WARN] MainUpdater:1194 - Updater busy. Cannot search thirdparties
2025-03-18 22:43:43,952 [INFO] ThirdPartyUpdaterWithRetryManager:96 - Updater plugin is busy. [1/15]
2025-03-18 22:43:44,095 [INFO] CheckServerUpdateThread:120 - End of CheckServer Thread
2025-03-18 22:43:44,982 [INFO] WebApp:167 - Instantiating new browser for Auth
2025-03-18 22:43:45,863 [INFO] WebApp:448 - Apply proxy settings
2025-03-18 22:43:45,864 [INFO] WebApp:533 - Chromium requires no authentication
2025-03-18 22:43:45,879 [INFO] WebApp:476 - Direct internet connection detected
2025-03-18 22:43:45,945 [INFO] WebApp:869 - Register for checkConnection events
2025-03-18 22:43:45,945 [INFO] WebApp:448 - Apply proxy settings
2025-03-18 22:43:45,946 [INFO] WebApp:533 - Chromium requires no authentication
2025-03-18 22:43:45,946 [INFO] WebApp:476 - Direct internet connection detected
2025-03-18 22:43:46,158 [INFO] WebApp:186 - Connection restablished
2025-03-18 22:43:46,286 [INFO] WebApp:220 - Starting web application
2025-03-18 22:43:46,287 [INFO] WebApp:578 - Web application path used D:\stm32cube_ide\STM32CubeIDE_1.16.0\STM32CubeIDE\plugins\com.st.stm32cube.common.mx_6.12.0.202406281431\db\plugins\mcufinder\reactClient1\index.html
2025-03-18 22:43:47,221 [WARN] PackLoader:240 - Cannot read IP mode file for STMicroelectronics.FP-SNS-MOTENVWB1.1.4.0
2025-03-18 22:43:47,230 [WARN] PackLoader:240 - Cannot read IP mode file for STMicroelectronics.FP-ATR-ASTRA1.2.0.2
2025-03-18 22:43:47,234 [WARN] PackLoader:240 - Cannot read IP mode file for STMicroelectronics.FP-ATR-ASTRA1.2.0.1
2025-03-18 22:43:47,242 [WARN] PackLoader:240 - Cannot read IP mode file for STMicroelectronics.X-CUBE-SMBUS.2.1.0
2025-03-18 22:43:47,251 [WARN] PackLoader:240 - Cannot read IP mode file for STMicroelectronics.X-CUBE-WB05N.1.1.0
2025-03-18 22:43:47,285 [WARN] PackLoader:240 - Cannot read IP mode file for STMicroelectronics.X-CUBE-AZRTOS-F7.1.1.0
2025-03-18 22:43:47,369 [WARN] PackLoader:240 - Cannot read IP mode file for STMicroelectronics.X-CUBE-MEMS1.11.0.0
2025-03-18 22:43:47,546 [WARN] PackLoader:240 - Cannot read IP mode file for STMicroelectronics.FP-SNS-FLIGHT1.5.0.2
2025-03-18 22:43:47,565 [WARN] PackLoader:240 - Cannot read IP mode file for Infineon.AIROC-Wi-Fi-Bluetooth-STM32.1.7.0
2025-03-18 22:43:47,574 [WARN] PackLoader:240 - Cannot read IP mode file for STMicroelectronics.X-CUBE-DISPLAY.3.0.0
2025-03-18 22:43:47,582 [WARN] PackLoader:240 - Cannot read IP mode file for STMicroelectronics.X-CUBE-BLE1.7.0.0
2025-03-18 22:43:47,589 [WARN] PackLoader:240 - Cannot read IP mode file for STMicroelectronics.X-CUBE-NFC10.1.0.0
2025-03-18 22:43:47,598 [WARN] PackLoader:240 - Cannot read IP mode file for STMicroelectronics.X-CUBE-BLEMGR.4.0.0
2025-03-18 22:43:47,604 [WARN] PackLoader:240 - Cannot read IP mode file for emotas.I-CUBE-CANOPEN.1.3.0
2025-03-18 22:43:47,611 [WARN] PackLoader:240 - Cannot read IP mode file for STMicroelectronics.X-CUBE-BLEMGR.3.1.0
2025-03-18 22:43:47,616 [WARN] PackLoader:240 - Cannot read IP mode file for STMicroelectronics.X-CUBE-AI.10.0.0
2025-03-18 22:43:47,620 [WARN] PackLoader:240 - Cannot read IP mode file for STMicroelectronics.FP-SNS-SMARTAG2.1.2.0
2025-03-18 22:43:47,623 [ERROR] Engine:466 - C:\Users\nguye\.stm32cubemx\thirdparties\pdsc\STMicroelectronics.FP-SNS-FLIGHT1.5.1.0.pdsc: PDSC version is not supported
2025-03-18 22:43:47,667 [WARN] PackLoader:240 - Cannot read IP mode file for STMicroelectronics.X-CUBE-MEMS1.11.1.0
2025-03-18 22:43:47,820 [INFO] LogOutputStream:77 - [STDOUT_REDIRECT] 1 : Invalid condition id : UX_CORESTACK_Condition cause : null
2025-03-18 22:43:47,820 [INFO] LogOutputStream:77 - [STDOUT_REDIRECT] 1 : Invalid condition id : UX_CORESTACK_Condition cause : null
2025-03-18 22:43:47,822 [INFO] LogOutputStream:77 - [STDOUT_REDIRECT] 1 : Invalid condition id : UX_CORESTACK_Condition cause : null
2025-03-18 22:43:47,823 [INFO] LogOutputStream:77 - [STDOUT_REDIRECT] 1 : Invalid condition id : UX_CORESTACK_Condition cause : null
2025-03-18 22:43:47,824 [INFO] LogOutputStream:77 - [STDOUT_REDIRECT] 1 : Invalid condition id : UX_CORESTACK_Condition cause : null
2025-03-18 22:43:47,825 [WARN] PackLoader:240 - Cannot read IP mode file for STMicroelectronics.X-CUBE-AZRTOS-WL.2.0.0
2025-03-18 22:43:47,831 [WARN] PackLoader:240 - Cannot read IP mode file for STMicroelectronics.FP-SNS-MOTENV1.5.0.0
2025-03-18 22:43:47,834 [WARN] PackLoader:240 - Cannot read IP mode file for wolfSSL.I-CUBE-wolfMQTT.1.19.0
2025-03-18 22:43:47,842 [WARN] PackLoader:240 - Cannot read IP mode file for WES.I-CUBE-Cesium.1.3.0
2025-03-18 22:43:47,847 [WARN] PackLoader:240 - Cannot read IP mode file for STMicroelectronics.X-CUBE-BLE2.3.3.0
2025-03-18 22:43:47,851 [WARN] PackLoader:240 - Cannot read IP mode file for STMicroelectronics.X-CUBE-NFC9.1.0.0
2025-03-18 22:43:47,856 [WARN] PackLoader:240 - Cannot read IP mode file for STMicroelectronics.X-CUBE-BLE1.7.1.0
2025-03-18 22:43:47,860 [WARN] PackLoader:240 - Cannot read IP mode file for STMicroelectronics.X-CUBE-TCPP.4.1.0
2025-03-18 22:43:47,877 [WARN] PackLoader:240 - Cannot read IP mode file for STMicroelectronics.X-CUBE-AZRTOS-G0.1.1.0
2025-03-18 22:43:47,884 [WARN] PackLoader:240 - Cannot read IP mode file for STMicroelectronics.X-CUBE-SAFEA1.1.2.2
2025-03-18 22:43:47,888 [WARN] PackLoader:240 - Cannot read IP mode file for STMicroelectronics.X-CUBE-NFC4.3.0.0
2025-03-18 22:43:47,898 [WARN] PackLoader:240 - Cannot read IP mode file for EmbeddedOffice.I-CUBE-FS-RTOS.1.0.1
2025-03-18 22:43:47,898 [ERROR] ConditionMgr:805 - Attr not supported : Dmpu
2025-03-18 22:43:47,898 [ERROR] ConditionMgr:805 - Attr not supported : Dmpu
2025-03-18 22:43:47,899 [ERROR] ConditionMgr:805 - Attr not supported : Dmpu
2025-03-18 22:43:47,899 [ERROR] ConditionMgr:805 - Attr not supported : Dmpu
2025-03-18 22:43:47,899 [ERROR] ConditionMgr:805 - Attr not supported : Dmpu
2025-03-18 22:43:47,899 [ERROR] ConditionMgr:805 - Attr not supported : Dmpu
2025-03-18 22:43:47,899 [ERROR] ConditionMgr:805 - Attr not supported : Dmpu
2025-03-18 22:43:47,899 [ERROR] ConditionMgr:805 - Attr not supported : Dmpu
2025-03-18 22:43:47,899 [ERROR] ConditionMgr:805 - Attr not supported : Dmpu
2025-03-18 22:43:47,899 [ERROR] ConditionMgr:805 - Attr not supported : Dmpu
2025-03-18 22:43:47,899 [ERROR] ConditionMgr:805 - Attr not supported : Dmpu
2025-03-18 22:43:47,899 [ERROR] ConditionMgr:805 - Attr not supported : Dmpu
2025-03-18 22:43:47,899 [ERROR] ConditionMgr:805 - Attr not supported : Dmpu
2025-03-18 22:43:47,899 [ERROR] ConditionMgr:805 - Attr not supported : Dmpu
2025-03-18 22:43:47,899 [ERROR] ConditionMgr:805 - Attr not supported : Dmpu
2025-03-18 22:43:47,899 [ERROR] ConditionMgr:805 - Attr not supported : Dmpu
2025-03-18 22:43:47,899 [ERROR] ConditionMgr:805 - Attr not supported : Dmpu
2025-03-18 22:43:47,899 [ERROR] ConditionMgr:805 - Attr not supported : Dmpu
2025-03-18 22:43:47,899 [ERROR] ConditionMgr:805 - Attr not supported : Dmpu
2025-03-18 22:43:47,899 [ERROR] ConditionMgr:805 - Attr not supported : Dmpu
2025-03-18 22:43:47,901 [ERROR] ConditionMgr:805 - Attr not supported : Dmpu
2025-03-18 22:43:47,901 [ERROR] ConditionMgr:805 - Attr not supported : Dmpu
2025-03-18 22:43:47,901 [ERROR] ConditionMgr:805 - Attr not supported : Dmpu
2025-03-18 22:43:47,901 [ERROR] ConditionMgr:805 - Attr not supported : Dmpu
2025-03-18 22:43:47,901 [ERROR] ConditionMgr:805 - Attr not supported : Dmpu
2025-03-18 22:43:47,901 [ERROR] ConditionMgr:805 - Attr not supported : Dmpu
2025-03-18 22:43:47,901 [ERROR] ConditionMgr:805 - Attr not supported : Dmpu
2025-03-18 22:43:47,901 [ERROR] ConditionMgr:805 - Attr not supported : Dmpu
2025-03-18 22:43:47,901 [ERROR] ConditionMgr:805 - Attr not supported : Dmpu
2025-03-18 22:43:47,901 [ERROR] ConditionMgr:805 - Attr not supported : Dmpu
2025-03-18 22:43:47,901 [ERROR] ConditionMgr:805 - Attr not supported : Dmpu
2025-03-18 22:43:47,901 [ERROR] ConditionMgr:805 - Attr not supported : Dmpu
2025-03-18 22:43:47,901 [ERROR] ConditionMgr:805 - Attr not supported : Dmpu
2025-03-18 22:43:47,901 [ERROR] ConditionMgr:805 - Attr not supported : Dmpu
2025-03-18 22:43:47,901 [ERROR] ConditionMgr:805 - Attr not supported : Dmpu
2025-03-18 22:43:47,901 [ERROR] ConditionMgr:805 - Attr not supported : Dmpu
2025-03-18 22:43:47,901 [ERROR] ConditionMgr:805 - Attr not supported : Dmpu
2025-03-18 22:43:47,901 [ERROR] ConditionMgr:805 - Attr not supported : Dmpu
2025-03-18 22:43:47,901 [ERROR] ConditionMgr:805 - Attr not supported : Dmpu
2025-03-18 22:43:47,901 [ERROR] ConditionMgr:805 - Attr not supported : Dmpu
2025-03-18 22:43:47,901 [ERROR] ConditionMgr:805 - Attr not supported : Dmpu
2025-03-18 22:43:47,901 [ERROR] ConditionMgr:805 - Attr not supported : Dmpu
2025-03-18 22:43:47,902 [ERROR] ConditionMgr:805 - Attr not supported : Dmpu
2025-03-18 22:43:47,902 [ERROR] ConditionMgr:805 - Attr not supported : Dmpu
2025-03-18 22:43:47,902 [ERROR] ConditionMgr:805 - Attr not supported : Dmpu
2025-03-18 22:43:47,902 [ERROR] ConditionMgr:805 - Attr not supported : Dmpu
2025-03-18 22:43:47,902 [ERROR] ConditionMgr:805 - Attr not supported : Dmpu
2025-03-18 22:43:47,902 [ERROR] ConditionMgr:805 - Attr not supported : Dmpu
2025-03-18 22:43:47,902 [ERROR] ConditionMgr:805 - Attr not supported : Dmpu
2025-03-18 22:43:47,902 [ERROR] ConditionMgr:805 - Attr not supported : Dmpu
2025-03-18 22:43:47,902 [ERROR] ConditionMgr:805 - Attr not supported : Dmpu
2025-03-18 22:43:47,902 [ERROR] ConditionMgr:805 - Attr not supported : Dmpu
2025-03-18 22:43:47,902 [ERROR] ConditionMgr:805 - Attr not supported : Dmpu
2025-03-18 22:43:47,902 [ERROR] ConditionMgr:805 - Attr not supported : Dmpu
2025-03-18 22:43:47,902 [ERROR] ConditionMgr:805 - Attr not supported : Dmpu
2025-03-18 22:43:47,902 [ERROR] ConditionMgr:805 - Attr not supported : Dmpu
2025-03-18 22:43:47,902 [ERROR] ConditionMgr:805 - Attr not supported : Dmpu
2025-03-18 22:43:47,903 [ERROR] ConditionMgr:805 - Attr not supported : Dmpu
2025-03-18 22:43:47,903 [ERROR] ConditionMgr:805 - Attr not supported : Dmpu
2025-03-18 22:43:47,903 [ERROR] ConditionMgr:805 - Attr not supported : Dmpu
2025-03-18 22:43:47,903 [ERROR] ConditionMgr:805 - Attr not supported : Dmpu
2025-03-18 22:43:47,903 [ERROR] ConditionMgr:805 - Attr not supported : Dmpu
2025-03-18 22:43:47,903 [ERROR] ConditionMgr:805 - Attr not supported : Dmpu
2025-03-18 22:43:47,903 [ERROR] ConditionMgr:805 - Attr not supported : Dmpu
2025-03-18 22:43:47,906 [ERROR] Engine:466 - C:\Users\nguye\.stm32cubemx\thirdparties\pdsc\STMicroelectronics.X-CUBE-TCPP.4.2.0.pdsc: PDSC version is not supported
2025-03-18 22:43:47,911 [WARN] PackLoader:240 - Cannot read IP mode file for RealThread.X-CUBE-RT-Thread_Nano.4.1.1
2025-03-18 22:43:47,914 [WARN] PackLoader:240 - Cannot read IP mode file for STMicroelectronics.FP-ATR-SIGFOX1.3.2.0
2025-03-18 22:43:47,917 [WARN] ConditionMgr:438 - getConditionDescription Invalid condition id : Cortex-A Device cause : null
2025-03-18 22:43:47,927 [WARN] ConditionMgr:1039 - genDependencies : Invalid condition id : Cortex-A Device cause : null
2025-03-18 22:43:47,927 [WARN] ConditionMgr:1039 - genDependencies : Invalid condition id : Cortex-A Device cause : null
2025-03-18 22:43:47,927 [WARN] ConditionMgr:1039 - genDependencies : Invalid condition id : Cortex-A Device cause : null
2025-03-18 22:43:47,931 [WARN] PackLoader:240 - Cannot read IP mode file for STMicroelectronics.X-CUBE-EEPRMA1.5.1.0
2025-03-18 22:43:47,936 [WARN] PackLoader:240 - Cannot read IP mode file for wolfSSL.I-CUBE-wolfSSL.5.7.4
2025-03-18 22:43:47,942 [WARN] PackLoader:240 - Cannot read IP mode file for ITTIA_DB.I-CUBE-ITTIADB.8.9.0
2025-03-18 22:43:47,963 [WARN] PackLoader:240 - Cannot read IP mode file for SEGGER.I-CUBE-embOS.1.3.1
2025-03-18 22:43:48,000 [WARN] PackLoader:240 - Cannot read IP mode file for STMicroelectronics.X-CUBE-ALGOBUILD.1.4.0
2025-03-18 22:43:48,002 [WARN] PackLoader:240 - Cannot read IP mode file for STMicroelectronics.X-CUBE-AI.9.1.0
2025-03-18 22:43:48,013 [WARN] PackLoader:240 - Cannot read IP mode file for STMicroelectronics.X-CUBE-AZRTOS-F4.1.1.0
2025-03-18 22:43:48,019 [WARN] PackLoader:240 - Cannot read IP mode file for STMicroelectronics.X-CUBE-ISPU.2.1.0
2025-03-18 22:43:48,023 [WARN] PackLoader:240 - Cannot read IP mode file for STMicroelectronics.X-CUBE-FREERTOS.1.2.0
2025-03-18 22:43:48,037 [WARN] PackLoader:240 - Cannot read IP mode file for STMicroelectronics.X-CUBE-AZRTOS-L5.2.0.0
2025-03-18 22:43:48,046 [WARN] PackLoader:240 - Cannot read IP mode file for STMicroelectronics.X-CUBE-NFC6.3.1.0
2025-03-18 22:43:48,050 [WARN] PackLoader:240 - Cannot read IP mode file for STMicroelectronics.X-CUBE-DPower.1.2.0
2025-03-18 22:43:48,054 [WARN] PackLoader:240 - Cannot read IP mode file for STMicroelectronics.X-CUBE-FREERTOS.1.3.0
2025-03-18 22:43:48,058 [WARN] PackLoader:240 - Cannot read IP mode file for STMicroelectronics.X-CUBE-NFC7.1.0.1
2025-03-18 22:43:48,074 [WARN] ConditionMgr:438 - getConditionDescription Invalid condition id : LAN8742 Phy interface Condition cause : null
2025-03-18 22:43:48,075 [WARN] PackLoader:240 - Cannot read IP mode file for STMicroelectronics.X-CUBE-AZRTOS-L4.2.0.0
2025-03-18 22:43:48,076 [WARN] ConditionMgr:1039 - genDependencies : Invalid condition id : LAN8742 Phy interface Condition cause : null
2025-03-18 22:43:48,076 [WARN] ConditionMgr:1039 - genDependencies : Invalid condition id : LAN8742 Phy interface Condition cause : null
2025-03-18 22:43:48,077 [WARN] ConditionMgr:1039 - genDependencies : Invalid condition id : LAN8742 Phy interface Condition cause : null
2025-03-18 22:43:48,082 [WARN] PackLoader:240 - Cannot read IP mode file for STMicroelectronics.X-CUBE-SFXS2LP1.4.0.0
2025-03-18 22:43:48,097 [WARN] PackLoader:240 - Cannot read IP mode file for STMicroelectronics.X-CUBE-AZRTOS-H7.3.3.0
2025-03-18 22:43:48,110 [WARN] PackLoader:240 - Cannot read IP mode file for STMicroelectronics.X-CUBE-IPS.3.0.0
2025-03-18 22:43:48,120 [WARN] ConditionMgr:438 - getConditionDescription Invalid condition id : UX DEVICE CLASS RTOS Condition cause : null
2025-03-18 22:43:48,121 [WARN] ConditionMgr:438 - getConditionDescription Invalid condition id : UX DEVICE CLASS RTOS Condition cause : null
2025-03-18 22:43:48,122 [WARN] PackLoader:240 - Cannot read IP mode file for STMicroelectronics.X-CUBE-AZRTOS-WB.2.0.0
2025-03-18 22:43:48,122 [WARN] ConditionMgr:1039 - genDependencies : Invalid condition id : UX DEVICE CLASS RTOS Condition cause : null
2025-03-18 22:43:48,122 [WARN] ConditionMgr:1039 - genDependencies : Invalid condition id : UX DEVICE CLASS RTOS Condition cause : null
2025-03-18 22:43:48,124 [WARN] ConditionMgr:1039 - genDependencies : Invalid condition id : UX DEVICE CLASS RTOS Condition cause : null
2025-03-18 22:43:48,124 [WARN] ConditionMgr:1039 - genDependencies : Invalid condition id : UX DEVICE CLASS RTOS Condition cause : null
2025-03-18 22:43:48,124 [WARN] ConditionMgr:1039 - genDependencies : Invalid condition id : UX DEVICE CLASS RTOS Condition cause : null
2025-03-18 22:43:48,130 [WARN] PackLoader:240 - Cannot read IP mode file for STMicroelectronics.X-CUBE-GNSS1.7.0.0
2025-03-18 22:43:48,134 [WARN] PackLoader:240 - Cannot read IP mode file for STMicroelectronics.X-CUBE-GNSS1.7.0.1
2025-03-18 22:43:48,139 [WARN] PackLoader:240 - Cannot read IP mode file for STMicroelectronics.X-CUBE-TOUCHGFX.4.25.0
2025-03-18 22:43:48,143 [WARN] PackLoader:240 - Cannot read IP mode file for STMicroelectronics.FP-SNS-STBOX1.2.0.0
2025-03-18 22:43:48,151 [WARN] PackLoader:240 - Cannot read IP mode file for STMicroelectronics.X-CUBE-SUBG2.5.0.0
2025-03-18 22:43:48,171 [WARN] PackLoader:240 - Cannot read IP mode file for STMicroelectronics.X-CUBE-AZRTOS-H7RS.1.1.0
2025-03-18 22:43:48,176 [WARN] PackLoader:240 - Cannot read IP mode file for Cesanta.I-CUBE-Mongoose.7.13.0
2025-03-18 22:43:48,188 [WARN] PackLoader:240 - Cannot read IP mode file for STMicroelectronics.X-CUBE-AZRTOS-G4.2.0.0
2025-03-18 22:43:48,193 [ERROR] Engine:466 - C:\Users\nguye\.stm32cubemx\thirdparties\pdsc\STMicroelectronics.X-CUBE-IPS.3.1.0.pdsc: PDSC version is not supported
2025-03-18 22:43:48,197 [WARN] PackLoader:240 - Cannot read IP mode file for STMicroelectronics.X-CUBE-ALS.1.0.2
2025-03-18 22:43:48,199 [WARN] PackLoader:240 - Cannot read IP mode file for STMicroelectronics.X-CUBE-TOUCHGFX.4.24.1
2025-03-18 22:43:48,202 [WARN] PackLoader:240 - Cannot read IP mode file for wolfSSL.I-CUBE-wolfTPM.3.4.0
2025-03-18 22:43:48,208 [WARN] PackLoader:240 - Cannot read IP mode file for portGmbH.I-Cube-SoM-uGOAL.1.1.0
2025-03-18 22:43:48,220 [WARN] PackLoader:240 - Cannot read IP mode file for STMicroelectronics.X-CUBE-AZRTOS-H7RS.1.0.0
2025-03-18 22:43:48,229 [WARN] PackLoader:240 - Cannot read IP mode file for STMicroelectronics.X-CUBE-TOF1.3.4.2
2025-03-18 22:43:48,243 [WARN] PackLoader:240 - Cannot read IP mode file for wolfSSL.I-CUBE-wolfSSH.1.4.17
2025-03-18 22:43:48,243 [INFO] ThirdParty:978 - Integrity check success = true
2025-03-18 22:43:48,243 [INFO] IntegrityCheckThread:100 - exiting critical section [integrity check]
2025-03-18 22:43:48,243 [INFO] IntegrityCheckThread:103 - End integrity checks thread
2025-03-18 22:43:55,677 [ERROR] LogOutputStream:75 - [STDERR_REDIRECT] 
2025-03-18 22:43:55,678 [ERROR] LogOutputStream:75 - [STDERR_REDIRECT] 
